{"logTime": "0311/210655", "correlationVector":"3emMfgARto8wkPpi4G9PIu.178","action":"GetUpdates", "result":"DeleteReceived", "context":{"id":"959f274e-dcab-4827-92df-954486146b0e", "isDeleted:":"true", "version":"1678122669546"}}
{"logTime": "0311/210655", "correlationVector":"3emMfgARto8wkPpi4G9PIu.179","action":"GetUpdates", "result":"DeleteReceived", "context":{"id":"199217b5-ab0b-4a6b-9129-891a8f1e0e67", "isDeleted:":"true", "version":"1678122669547"}}
{"logTime": "0311/210655", "correlationVector":"3emMfgARto8wkPpi4G9PIu.180","action":"GetUpdates", "result":"DeleteReceived", "context":{"id":"a1e20107-1747-4a83-9e65-9edce7d2b18b", "isDeleted:":"true", "version":"1678122700281"}}
{"logTime": "0311/210655", "correlationVector":"3emMfgARto8wkPpi4G9PIu.181","action":"GetUpdates", "result":"DeleteReceived", "context":{"id":"133ed2f4-ac09-40fe-be3f-5303d51ca82d", "isDeleted:":"true", "version":"1678122700282"}}
{"logTime": "0311/210655", "correlationVector":"3emMfgARto8wkPpi4G9PIu.182","action":"GetUpdates", "result":"DeleteReceived", "context":{"id":"f714b04f-a298-4c0e-a33e-b39ecfd34f9e", "isDeleted:":"true", "version":"1678123717651"}}
{"logTime": "0311/210655", "correlationVector":"3emMfgARto8wkPpi4G9PIu.183","action":"GetUpdates", "result":"DeleteReceived", "context":{"id":"8eb209c6-6bd6-4d2c-9e7c-b89932f8bac4", "isDeleted:":"true", "version":"1678123717653"}}
{"logTime": "0311/210655", "correlationVector":"3emMfgARto8wkPpi4G9PIu.184","action":"GetUpdates", "result":"DeleteReceived", "context":{"id":"431e849a-4db4-45e6-a2b1-abf23e3c7f28", "isDeleted:":"true", "version":"1678123717655"}}
{"logTime": "0311/210655", "correlationVector":"3emMfgARto8wkPpi4G9PIu.185","action":"GetUpdates", "result":"DeleteReceived", "context":{"id":"8ab2eebe-8e7b-4d37-837e-03b6ac950c65", "isDeleted:":"true", "version":"1678124262825"}}
{"logTime": "0311/210655", "correlationVector":"3emMfgARto8wkPpi4G9PIu.186","action":"GetUpdates", "result":"DeleteReceived", "context":{"id":"1eb4d596-5a21-4e27-bf86-3e0f413f5d18", "isDeleted:":"true", "version":"1678126303055"}}
{"logTime": "0311/210655", "correlationVector":"3emMfgARto8wkPpi4G9PIu.187","action":"GetUpdates", "result":"DeleteReceived", "context":{"id":"63a1f8b8-ca2d-43b1-af1c-9bd159d0085e", "isDeleted:":"true", "version":"1678126303056"}}
{"logTime": "0311/210655", "correlationVector":"3emMfgARto8wkPpi4G9PIu.188","action":"GetUpdates Response", "result":"SERVER_MORE_TO_DOWNLOAD", "context":Received 250 update(s).  Some updates remain.}
{"logTime": "0311/210655", "correlationVector":"kgQYQCNPVwCRsWYqrUFnzG","action":"Initial GetUpdates", "result":"", "context":Reason: RECONFIGURATION. cV=kgQYQCNPVwCRsWYqrUFnzG}
{"logTime": "0311/210656", "correlationVector":"kgQYQCNPVwCRsWYqrUFnzG.1","action":"SyncServerConnectionManagerRequest", "result":"SYNC_SERVER_OK", "context":{"environment":"Prod_SoutheastAsia_000j", "server":"general0100000G"}}
{"logTime": "0311/210656", "correlationVector":"kgQYQCNPVwCRsWYqrUFnzG.2","action":"GetUpdates", "result":"DeleteReceived", "context":{"id":"98b172ce-ba1c-41db-913e-05366d220265", "isDeleted:":"true", "version":"1678130258217"}}
{"logTime": "0311/210656", "correlationVector":"kgQYQCNPVwCRsWYqrUFnzG.3","action":"GetUpdates", "result":"DeleteReceived", "context":{"id":"d2730077-a44c-4c38-a747-98efc373780e", "isDeleted:":"true", "version":"1678130689139"}}
{"logTime": "0311/210656", "correlationVector":"kgQYQCNPVwCRsWYqrUFnzG.4","action":"GetUpdates", "result":"DeleteReceived", "context":{"id":"71a30d01-e3e2-4073-875d-8cd33c4f4fca", "isDeleted:":"true", "version":"1678130720164"}}
{"logTime": "0311/210656", "correlationVector":"kgQYQCNPVwCRsWYqrUFnzG.5","action":"GetUpdates", "result":"DeleteReceived", "context":{"id":"1241c3b1-72e7-4c9c-9b44-6eea1db89826", "isDeleted:":"true", "version":"1678130720165"}}
{"logTime": "0311/210656", "correlationVector":"kgQYQCNPVwCRsWYqrUFnzG.6","action":"GetUpdates", "result":"DeleteReceived", "context":{"id":"47934650-fcdd-4c15-a609-03e0f1216023", "isDeleted:":"true", "version":"1678130781592"}}
{"logTime": "0311/210656", "correlationVector":"kgQYQCNPVwCRsWYqrUFnzG.7","action":"GetUpdates", "result":"DeleteReceived", "context":{"id":"cc6f4063-a0c3-4c3f-800b-f3fe6fab2357", "isDeleted:":"true", "version":"1678130973203"}}
{"logTime": "0311/210656", "correlationVector":"kgQYQCNPVwCRsWYqrUFnzG.8","action":"GetUpdates", "result":"DeleteReceived", "context":{"id":"c0641b82-3016-41ba-98f1-637faf9023ac", "isDeleted:":"true", "version":"1678131066035"}}
{"logTime": "0311/210656", "correlationVector":"kgQYQCNPVwCRsWYqrUFnzG.9","action":"GetUpdates", "result":"DeleteReceived", "context":{"id":"a0b36f86-2205-46b8-97a4-21541124431f", "isDeleted:":"true", "version":"1678131066036"}}
{"logTime": "0311/210656", "correlationVector":"kgQYQCNPVwCRsWYqrUFnzG.10","action":"GetUpdates", "result":"DeleteReceived", "context":{"id":"3aa62523-ce49-45d0-b248-3b211298b6fa", "isDeleted:":"true", "version":"1678131066037"}}
{"logTime": "0311/210656", "correlationVector":"kgQYQCNPVwCRsWYqrUFnzG.11","action":"GetUpdates", "result":"DeleteReceived", "context":{"id":"7439fc34-b3f7-4eae-990e-ce1b4c5ba2f4", "isDeleted:":"true", "version":"1678131321022"}}
{"logTime": "0311/210656", "correlationVector":"kgQYQCNPVwCRsWYqrUFnzG.12","action":"GetUpdates", "result":"DeleteReceived", "context":{"id":"7747dde0-9de6-45f1-b9cf-bf6eca19ed95", "isDeleted:":"true", "version":"1678131448865"}}
{"logTime": "0311/210656", "correlationVector":"kgQYQCNPVwCRsWYqrUFnzG.13","action":"GetUpdates", "result":"DeleteReceived", "context":{"id":"9d6ead98-8fb5-46c7-ae1a-69bc0b68d27d", "isDeleted:":"true", "version":"1678131976823"}}
{"logTime": "0311/210656", "correlationVector":"kgQYQCNPVwCRsWYqrUFnzG.14","action":"GetUpdates", "result":"DeleteReceived", "context":{"id":"36125efe-106f-42e7-8c18-e09bf30dac37", "isDeleted:":"true", "version":"1678132007333"}}
{"logTime": "0311/210656", "correlationVector":"kgQYQCNPVwCRsWYqrUFnzG.15","action":"GetUpdates", "result":"DeleteReceived", "context":{"id":"724b1f03-8b48-40e2-acd6-8383b8aa7a93", "isDeleted:":"true", "version":"1678132807762"}}
{"logTime": "0311/210656", "correlationVector":"kgQYQCNPVwCRsWYqrUFnzG.16","action":"GetUpdates", "result":"DeleteReceived", "context":{"id":"c618f02b-5533-4738-a059-4e6a2f16e9ea", "isDeleted:":"true", "version":"1678133022033"}}
{"logTime": "0311/210656", "correlationVector":"kgQYQCNPVwCRsWYqrUFnzG.17","action":"GetUpdates", "result":"DeleteReceived", "context":{"id":"1e210aaf-6f77-4f9b-ae06-e38ee2cd3f9b", "isDeleted:":"true", "version":"1678133695626"}}
{"logTime": "0311/210656", "correlationVector":"kgQYQCNPVwCRsWYqrUFnzG.18","action":"GetUpdates", "result":"DeleteReceived", "context":{"id":"ee7031f6-e31e-4519-97a8-31f32875e610", "isDeleted:":"true", "version":"1678133695627"}}
{"logTime": "0311/210656", "correlationVector":"kgQYQCNPVwCRsWYqrUFnzG.19","action":"GetUpdates", "result":"DeleteReceived", "context":{"id":"beb8014d-eb5b-4635-b19b-b93558c6d0c6", "isDeleted:":"true", "version":"1678133695628"}}
{"logTime": "0311/210656", "correlationVector":"kgQYQCNPVwCRsWYqrUFnzG.20","action":"GetUpdates", "result":"DeleteReceived", "context":{"id":"18680d3b-951d-4950-8d4d-c46edeee7f13", "isDeleted:":"true", "version":"1678133695630"}}
{"logTime": "0311/210656", "correlationVector":"kgQYQCNPVwCRsWYqrUFnzG.21","action":"GetUpdates", "result":"DeleteReceived", "context":{"id":"ff7f86ef-f9f0-4f72-a2e3-d1fc1fba25e7", "isDeleted:":"true", "version":"1678133695631"}}
{"logTime": "0311/210656", "correlationVector":"kgQYQCNPVwCRsWYqrUFnzG.22","action":"GetUpdates", "result":"DeleteReceived", "context":{"id":"5eefef9b-3de3-497e-90d7-6ab3ec2192f8", "isDeleted:":"true", "version":"1678134824500"}}
{"logTime": "0311/210656", "correlationVector":"kgQYQCNPVwCRsWYqrUFnzG.23","action":"GetUpdates", "result":"DeleteReceived", "context":{"id":"116fa0ca-c4aa-4c46-9b7a-e53261f27142", "isDeleted:":"true", "version":"1678136227186"}}
{"logTime": "0311/210656", "correlationVector":"kgQYQCNPVwCRsWYqrUFnzG.24","action":"GetUpdates", "result":"DeleteReceived", "context":{"id":"5678318d-a30c-4a88-8122-d003eac75390", "isDeleted:":"true", "version":"1678136261789"}}
{"logTime": "0311/210656", "correlationVector":"kgQYQCNPVwCRsWYqrUFnzG.25","action":"GetUpdates", "result":"DeleteReceived", "context":{"id":"ec73035f-4346-4164-a361-ab25928fe978", "isDeleted:":"true", "version":"1678136325204"}}
{"logTime": "0311/210656", "correlationVector":"kgQYQCNPVwCRsWYqrUFnzG.26","action":"GetUpdates", "result":"DeleteReceived", "context":{"id":"13c3fed5-eec8-4534-a9a1-5e175966e7a6", "isDeleted:":"true", "version":"1678137713408"}}
{"logTime": "0311/210656", "correlationVector":"kgQYQCNPVwCRsWYqrUFnzG.27","action":"GetUpdates", "result":"DeleteReceived", "context":{"id":"611cb621-9733-49ed-ac25-c9c311fb99f2", "isDeleted:":"true", "version":"1678137753453"}}
{"logTime": "0311/210656", "correlationVector":"kgQYQCNPVwCRsWYqrUFnzG.28","action":"GetUpdates", "result":"DeleteReceived", "context":{"id":"464a519c-af6e-4f56-b13e-abe586b33b08", "isDeleted:":"true", "version":"1678138431127"}}
{"logTime": "0311/210656", "correlationVector":"kgQYQCNPVwCRsWYqrUFnzG.29","action":"GetUpdates", "result":"DeleteReceived", "context":{"id":"89ed6c2f-c272-4405-bd84-8b85045944f1", "isDeleted:":"true", "version":"1678139534629"}}
{"logTime": "0311/210656", "correlationVector":"kgQYQCNPVwCRsWYqrUFnzG.30","action":"GetUpdates", "result":"DeleteReceived", "context":{"id":"7a8c15eb-35cd-497b-a306-a08059368724", "isDeleted:":"true", "version":"1678140166378"}}
{"logTime": "0311/210656", "correlationVector":"kgQYQCNPVwCRsWYqrUFnzG.31","action":"GetUpdates", "result":"DeleteReceived", "context":{"id":"43a5f672-e36e-40a2-a896-1eaadf2055fc", "isDeleted:":"true", "version":"1678140306213"}}
{"logTime": "0311/210656", "correlationVector":"kgQYQCNPVwCRsWYqrUFnzG.32","action":"GetUpdates", "result":"DeleteReceived", "context":{"id":"ae587601-4313-4e77-bb06-7731de0e187c", "isDeleted:":"true", "version":"1678140306214"}}
{"logTime": "0311/210656", "correlationVector":"kgQYQCNPVwCRsWYqrUFnzG.33","action":"GetUpdates", "result":"DeleteReceived", "context":{"id":"119bcb81-7519-4b14-b490-86aafd514596", "isDeleted:":"true", "version":"1678140337223"}}
{"logTime": "0311/210656", "correlationVector":"kgQYQCNPVwCRsWYqrUFnzG.34","action":"GetUpdates", "result":"DeleteReceived", "context":{"id":"bd04cee4-4286-4ede-a148-e2b6fffaa32a", "isDeleted:":"true", "version":"1678141234826"}}
{"logTime": "0311/210656", "correlationVector":"kgQYQCNPVwCRsWYqrUFnzG.35","action":"GetUpdates", "result":"DeleteReceived", "context":{"id":"87977c3f-32a8-47c4-bb46-32a932e580b4", "isDeleted:":"true", "version":"1678141862747"}}
{"logTime": "0311/210656", "correlationVector":"kgQYQCNPVwCRsWYqrUFnzG.36","action":"GetUpdates", "result":"DeleteReceived", "context":{"id":"31f20bae-4451-4dbd-a130-ebee32718252", "isDeleted:":"true", "version":"1678144066306"}}
{"logTime": "0311/210656", "correlationVector":"kgQYQCNPVwCRsWYqrUFnzG.37","action":"GetUpdates", "result":"DeleteReceived", "context":{"id":"ca8d7f69-e6ed-46de-ab74-9f1b6e5b1357", "isDeleted:":"true", "version":"1678144066311"}}
{"logTime": "0311/210656", "correlationVector":"kgQYQCNPVwCRsWYqrUFnzG.38","action":"GetUpdates", "result":"DeleteReceived", "context":{"id":"1ea22cc2-3d78-49af-8fac-ab55a4e39cc7", "isDeleted:":"true", "version":"1678144097151"}}
{"logTime": "0311/210656", "correlationVector":"kgQYQCNPVwCRsWYqrUFnzG.39","action":"GetUpdates", "result":"DeleteReceived", "context":{"id":"6f614a8b-ff8e-455c-a2a5-192dd181d50a", "isDeleted:":"true", "version":"1678144421431"}}
{"logTime": "0311/210656", "correlationVector":"kgQYQCNPVwCRsWYqrUFnzG.40","action":"GetUpdates", "result":"DeleteReceived", "context":{"id":"217c73d9-2f03-4f46-b4c1-adb242685a83", "isDeleted:":"true", "version":"1678144421432"}}
{"logTime": "0311/210656", "correlationVector":"kgQYQCNPVwCRsWYqrUFnzG.41","action":"GetUpdates", "result":"DeleteReceived", "context":{"id":"07003b41-0a4a-4fef-9e2d-270e575623c4", "isDeleted:":"true", "version":"1678188174630"}}
{"logTime": "0311/210656", "correlationVector":"kgQYQCNPVwCRsWYqrUFnzG.42","action":"GetUpdates", "result":"DeleteReceived", "context":{"id":"cc093f67-92e4-401d-bb82-9886702c6d17", "isDeleted:":"true", "version":"1678188174631"}}
{"logTime": "0311/210656", "correlationVector":"kgQYQCNPVwCRsWYqrUFnzG.43","action":"GetUpdates", "result":"DeleteReceived", "context":{"id":"5d633d31-f9ca-49af-8cab-2b797bbd2578", "isDeleted:":"true", "version":"1678188290527"}}
{"logTime": "0311/210656", "correlationVector":"kgQYQCNPVwCRsWYqrUFnzG.44","action":"GetUpdates", "result":"DeleteReceived", "context":{"id":"e1ee17cd-d19c-4c73-9ed1-b485621647c9", "isDeleted:":"true", "version":"1678189048672"}}
{"logTime": "0311/210656", "correlationVector":"kgQYQCNPVwCRsWYqrUFnzG.45","action":"GetUpdates", "result":"DeleteReceived", "context":{"id":"dfbc3319-5a95-462b-844b-ed42d67bc355", "isDeleted:":"true", "version":"1678191101967"}}
{"logTime": "0311/210656", "correlationVector":"kgQYQCNPVwCRsWYqrUFnzG.46","action":"GetUpdates", "result":"DeleteReceived", "context":{"id":"4658eade-7f48-4844-9b49-2dc3b7a082e1", "isDeleted:":"true", "version":"1678191545255"}}
{"logTime": "0311/210656", "correlationVector":"kgQYQCNPVwCRsWYqrUFnzG.47","action":"GetUpdates", "result":"DeleteReceived", "context":{"id":"ad99d113-61ec-41d1-aac0-799797585f5a", "isDeleted:":"true", "version":"1678198514114"}}
{"logTime": "0311/210656", "correlationVector":"kgQYQCNPVwCRsWYqrUFnzG.48","action":"GetUpdates", "result":"DeleteReceived", "context":{"id":"03392835-0018-40e0-a14b-47bdf601e8a5", "isDeleted:":"true", "version":"1678199211887"}}
{"logTime": "0311/210656", "correlationVector":"kgQYQCNPVwCRsWYqrUFnzG.49","action":"GetUpdates", "result":"DeleteReceived", "context":{"id":"06d7a586-f5c4-47d4-95a2-e71c34ce4816", "isDeleted:":"true", "version":"1678202023069"}}
{"logTime": "0311/210656", "correlationVector":"kgQYQCNPVwCRsWYqrUFnzG.50","action":"GetUpdates", "result":"DeleteReceived", "context":{"id":"e2373f7d-4186-4e0f-b313-ab4e2abe5462", "isDeleted:":"true", "version":"1678202556040"}}
{"logTime": "0311/210656", "correlationVector":"kgQYQCNPVwCRsWYqrUFnzG.51","action":"GetUpdates", "result":"DeleteReceived", "context":{"id":"ffbcf82a-cae0-462d-b72c-3854ff12ebdb", "isDeleted:":"true", "version":"1678202774857"}}
{"logTime": "0311/210656", "correlationVector":"kgQYQCNPVwCRsWYqrUFnzG.52","action":"GetUpdates", "result":"DeleteReceived", "context":{"id":"09d6f912-dd31-4c5e-9b28-132153433156", "isDeleted:":"true", "version":"1678203760529"}}
{"logTime": "0311/210656", "correlationVector":"kgQYQCNPVwCRsWYqrUFnzG.53","action":"GetUpdates", "result":"DeleteReceived", "context":{"id":"b5859699-4237-4c02-8e25-d138a9172be4", "isDeleted:":"true", "version":"1678203791283"}}
{"logTime": "0311/210656", "correlationVector":"kgQYQCNPVwCRsWYqrUFnzG.54","action":"GetUpdates", "result":"DeleteReceived", "context":{"id":"75f4089c-f64a-45b8-a5d2-fe9518d30b7b", "isDeleted:":"true", "version":"1678204455507"}}
{"logTime": "0311/210656", "correlationVector":"kgQYQCNPVwCRsWYqrUFnzG.55","action":"GetUpdates", "result":"DeleteReceived", "context":{"id":"e6945667-6697-4b04-903c-37eec1c4976b", "isDeleted:":"true", "version":"1678204455508"}}
{"logTime": "0311/210656", "correlationVector":"kgQYQCNPVwCRsWYqrUFnzG.56","action":"GetUpdates", "result":"DeleteReceived", "context":{"id":"fba3e413-f40a-4881-952d-8aeecd56643d", "isDeleted:":"true", "version":"1678204517236"}}
{"logTime": "0311/210656", "correlationVector":"kgQYQCNPVwCRsWYqrUFnzG.57","action":"GetUpdates", "result":"DeleteReceived", "context":{"id":"d7a3b17a-4025-435e-9cf6-7daf75b31d64", "isDeleted:":"true", "version":"1678206370972"}}
{"logTime": "0311/210656", "correlationVector":"kgQYQCNPVwCRsWYqrUFnzG.58","action":"GetUpdates", "result":"DeleteReceived", "context":{"id":"be092415-4e71-40b7-88f5-9654d42b816e", "isDeleted:":"true", "version":"1678206370973"}}
{"logTime": "0311/210656", "correlationVector":"kgQYQCNPVwCRsWYqrUFnzG.59","action":"GetUpdates", "result":"DeleteReceived", "context":{"id":"adca9dfe-3e1c-4fe3-bb1a-128f9961ec45", "isDeleted:":"true", "version":"1678206973026"}}
{"logTime": "0311/210656", "correlationVector":"kgQYQCNPVwCRsWYqrUFnzG.60","action":"GetUpdates", "result":"DeleteReceived", "context":{"id":"ed0b2803-f651-49f8-bf47-dcf2788b9126", "isDeleted:":"true", "version":"1678207332364"}}
{"logTime": "0311/210656", "correlationVector":"kgQYQCNPVwCRsWYqrUFnzG.61","action":"GetUpdates", "result":"DeleteReceived", "context":{"id":"b78fa208-e833-4d20-850e-4e386c525357", "isDeleted:":"true", "version":"1678208470511"}}
{"logTime": "0311/210656", "correlationVector":"kgQYQCNPVwCRsWYqrUFnzG.62","action":"GetUpdates", "result":"DeleteReceived", "context":{"id":"66407dde-00d9-4a47-9e48-61952f5e25a8", "isDeleted:":"true", "version":"1678208470512"}}
{"logTime": "0311/210656", "correlationVector":"kgQYQCNPVwCRsWYqrUFnzG.63","action":"GetUpdates", "result":"DeleteReceived", "context":{"id":"841b5170-e829-4042-93a1-eb00faed3f24", "isDeleted:":"true", "version":"1678208501132"}}
{"logTime": "0311/210656", "correlationVector":"kgQYQCNPVwCRsWYqrUFnzG.64","action":"GetUpdates", "result":"DeleteReceived", "context":{"id":"3874cda8-5004-4fac-ad8f-fbde9a74331f", "isDeleted:":"true", "version":"1678209304758"}}
{"logTime": "0311/210656", "correlationVector":"kgQYQCNPVwCRsWYqrUFnzG.65","action":"GetUpdates", "result":"DeleteReceived", "context":{"id":"f25d2fb1-02ce-49f3-bc31-0a16bce2dbb8", "isDeleted:":"true", "version":"1678211327801"}}
{"logTime": "0311/210656", "correlationVector":"kgQYQCNPVwCRsWYqrUFnzG.66","action":"GetUpdates", "result":"DeleteReceived", "context":{"id":"046f4ba1-1ea1-4cb7-a862-8581d7bce8eb", "isDeleted:":"true", "version":"1678211359514"}}
{"logTime": "0311/210656", "correlationVector":"kgQYQCNPVwCRsWYqrUFnzG.67","action":"GetUpdates", "result":"DeleteReceived", "context":{"id":"8928e839-ee16-41ea-a7a9-37673c4634b6", "isDeleted:":"true", "version":"1678212125618"}}
{"logTime": "0311/210656", "correlationVector":"kgQYQCNPVwCRsWYqrUFnzG.68","action":"GetUpdates", "result":"DeleteReceived", "context":{"id":"eb4e48fc-9795-4a24-a4d3-48742bd5852f", "isDeleted:":"true", "version":"1678212191400"}}
{"logTime": "0311/210656", "correlationVector":"kgQYQCNPVwCRsWYqrUFnzG.69","action":"GetUpdates", "result":"DeleteReceived", "context":{"id":"80b2cb12-71fe-4795-ba30-3543e5938297", "isDeleted:":"true", "version":"1678212191401"}}
{"logTime": "0311/210656", "correlationVector":"kgQYQCNPVwCRsWYqrUFnzG.70","action":"GetUpdates", "result":"DeleteReceived", "context":{"id":"be828d3f-f2d8-4940-a49f-5cf975468fb3", "isDeleted:":"true", "version":"1678212191402"}}
{"logTime": "0311/210656", "correlationVector":"kgQYQCNPVwCRsWYqrUFnzG.71","action":"GetUpdates", "result":"DeleteReceived", "context":{"id":"57930237-50ef-406b-8c76-13cfa6ef47da", "isDeleted:":"true", "version":"1678212191403"}}
{"logTime": "0311/210656", "correlationVector":"kgQYQCNPVwCRsWYqrUFnzG.72","action":"GetUpdates", "result":"DeleteReceived", "context":{"id":"820aceb9-5e67-46c5-8928-881516f690c6", "isDeleted:":"true", "version":"1678212191405"}}
{"logTime": "0311/210656", "correlationVector":"kgQYQCNPVwCRsWYqrUFnzG.73","action":"GetUpdates", "result":"DeleteReceived", "context":{"id":"0752e91d-9755-436f-9a14-4ff0ca9d9076", "isDeleted:":"true", "version":"1678212191406"}}
{"logTime": "0311/210656", "correlationVector":"kgQYQCNPVwCRsWYqrUFnzG.74","action":"GetUpdates", "result":"DeleteReceived", "context":{"id":"2389e994-c0b2-4462-a16e-861cc0328655", "isDeleted:":"true", "version":"1678212554698"}}
{"logTime": "0311/210656", "correlationVector":"kgQYQCNPVwCRsWYqrUFnzG.75","action":"GetUpdates", "result":"DeleteReceived", "context":{"id":"73537bc1-d61b-474f-8677-65b2630ff21b", "isDeleted:":"true", "version":"1678214967065"}}
{"logTime": "0311/210656", "correlationVector":"kgQYQCNPVwCRsWYqrUFnzG.76","action":"GetUpdates", "result":"DeleteReceived", "context":{"id":"524637ab-5484-417b-8f69-fc0ba5fa550e", "isDeleted:":"true", "version":"1678215008849"}}
{"logTime": "0311/210656", "correlationVector":"kgQYQCNPVwCRsWYqrUFnzG.77","action":"GetUpdates", "result":"DeleteReceived", "context":{"id":"201a4e3a-ad05-474b-9137-3de6906b3a96", "isDeleted:":"true", "version":"1678215008850"}}
{"logTime": "0311/210656", "correlationVector":"kgQYQCNPVwCRsWYqrUFnzG.78","action":"GetUpdates", "result":"DeleteReceived", "context":{"id":"10d68968-29d3-490c-a0da-ffd44c7d257e", "isDeleted:":"true", "version":"1678217082500"}}
{"logTime": "0311/210656", "correlationVector":"kgQYQCNPVwCRsWYqrUFnzG.79","action":"GetUpdates", "result":"DeleteReceived", "context":{"id":"f989eeef-6078-4054-bcc3-2b7a8a480e44", "isDeleted:":"true", "version":"1678217210122"}}
{"logTime": "0311/210656", "correlationVector":"kgQYQCNPVwCRsWYqrUFnzG.80","action":"GetUpdates", "result":"DeleteReceived", "context":{"id":"fa0e55fd-733d-440b-be98-a5cbd6eb9c40", "isDeleted:":"true", "version":"1678217210123"}}
{"logTime": "0311/210656", "correlationVector":"kgQYQCNPVwCRsWYqrUFnzG.81","action":"GetUpdates", "result":"DeleteReceived", "context":{"id":"a00566de-5753-484c-b142-4e29e7c3b1af", "isDeleted:":"true", "version":"1678220893246"}}
{"logTime": "0311/210656", "correlationVector":"kgQYQCNPVwCRsWYqrUFnzG.82","action":"GetUpdates", "result":"DeleteReceived", "context":{"id":"407c1389-b854-4647-b751-ca555aad04ed", "isDeleted:":"true", "version":"1678223490077"}}
{"logTime": "0311/210656", "correlationVector":"kgQYQCNPVwCRsWYqrUFnzG.83","action":"GetUpdates", "result":"DeleteReceived", "context":{"id":"2fed6610-6dac-4e48-9a96-b004a27fedf6", "isDeleted:":"true", "version":"1678223520744"}}
{"logTime": "0311/210656", "correlationVector":"kgQYQCNPVwCRsWYqrUFnzG.84","action":"GetUpdates", "result":"DeleteReceived", "context":{"id":"193606ee-e499-47c9-bd9c-6fcbcde0b84c", "isDeleted:":"true", "version":"1678223520746"}}
{"logTime": "0311/210656", "correlationVector":"kgQYQCNPVwCRsWYqrUFnzG.85","action":"GetUpdates", "result":"DeleteReceived", "context":{"id":"0ae27414-3122-4916-814f-b014c1cfc384", "isDeleted:":"true", "version":"1678223551851"}}
{"logTime": "0311/210656", "correlationVector":"kgQYQCNPVwCRsWYqrUFnzG.86","action":"GetUpdates", "result":"DeleteReceived", "context":{"id":"65297a90-0d5e-4f70-8058-d71009d3ddf3", "isDeleted:":"true", "version":"1678223551852"}}
{"logTime": "0311/210656", "correlationVector":"kgQYQCNPVwCRsWYqrUFnzG.87","action":"GetUpdates", "result":"DeleteReceived", "context":{"id":"aa4a401d-6296-4d0e-8224-0635b59df393", "isDeleted:":"true", "version":"1678286196144"}}
{"logTime": "0311/210656", "correlationVector":"kgQYQCNPVwCRsWYqrUFnzG.88","action":"GetUpdates", "result":"DeleteReceived", "context":{"id":"7bb4aad1-cff0-44cd-bd18-ac7dfad1a37b", "isDeleted:":"true", "version":"1678286259304"}}
{"logTime": "0311/210656", "correlationVector":"kgQYQCNPVwCRsWYqrUFnzG.89","action":"GetUpdates", "result":"DeleteReceived", "context":{"id":"8b5d35ed-a7b8-4232-bea2-b3eefc05af76", "isDeleted:":"true", "version":"1678286677465"}}
{"logTime": "0311/210656", "correlationVector":"kgQYQCNPVwCRsWYqrUFnzG.90","action":"GetUpdates", "result":"DeleteReceived", "context":{"id":"026c939f-a2e4-44d8-9059-b9ce734a18eb", "isDeleted:":"true", "version":"1678286773148"}}
{"logTime": "0311/210656", "correlationVector":"kgQYQCNPVwCRsWYqrUFnzG.91","action":"GetUpdates", "result":"DeleteReceived", "context":{"id":"a10a4dde-45ea-4f4d-8b32-7f3f4c69d8d7", "isDeleted:":"true", "version":"1678287027499"}}
{"logTime": "0311/210656", "correlationVector":"kgQYQCNPVwCRsWYqrUFnzG.92","action":"GetUpdates", "result":"DeleteReceived", "context":{"id":"957a88af-edde-4b29-885a-4817c633f14d", "isDeleted:":"true", "version":"1678287551358"}}
{"logTime": "0311/210656", "correlationVector":"kgQYQCNPVwCRsWYqrUFnzG.93","action":"GetUpdates", "result":"DeleteReceived", "context":{"id":"be2fb0a1-8850-46d2-815b-a78ebadcc7e6", "isDeleted:":"true", "version":"1678288127912"}}
{"logTime": "0311/210656", "correlationVector":"kgQYQCNPVwCRsWYqrUFnzG.94","action":"GetUpdates", "result":"DeleteReceived", "context":{"id":"2c419c67-6f55-4651-8adb-348dd895477f", "isDeleted:":"true", "version":"1678288127915"}}
{"logTime": "0311/210656", "correlationVector":"kgQYQCNPVwCRsWYqrUFnzG.95","action":"GetUpdates", "result":"DeleteReceived", "context":{"id":"e2757ce8-833f-4216-9bed-cb8fc1e1ceec", "isDeleted:":"true", "version":"1678290142507"}}
{"logTime": "0311/210656", "correlationVector":"kgQYQCNPVwCRsWYqrUFnzG.96","action":"GetUpdates", "result":"DeleteReceived", "context":{"id":"8557ef40-9c1b-4bdd-b7ae-ca5e3b215139", "isDeleted:":"true", "version":"1678290178543"}}
{"logTime": "0311/210656", "correlationVector":"kgQYQCNPVwCRsWYqrUFnzG.97","action":"GetUpdates", "result":"DeleteReceived", "context":{"id":"08e759d0-4ce2-4ed7-b9b3-350ece005e90", "isDeleted:":"true", "version":"1678292736015"}}
{"logTime": "0311/210656", "correlationVector":"kgQYQCNPVwCRsWYqrUFnzG.98","action":"GetUpdates", "result":"DeleteReceived", "context":{"id":"e649a906-20f0-453b-98d0-d9b058adc0f2", "isDeleted:":"true", "version":"1678292736016"}}
{"logTime": "0311/210656", "correlationVector":"kgQYQCNPVwCRsWYqrUFnzG.99","action":"GetUpdates", "result":"DeleteReceived", "context":{"id":"f1feadc4-ffe2-4760-b2e8-0d20bf4798d7", "isDeleted:":"true", "version":"1678293250707"}}
{"logTime": "0311/210656", "correlationVector":"kgQYQCNPVwCRsWYqrUFnzG.100","action":"GetUpdates", "result":"DeleteReceived", "context":{"id":"72894d63-d983-4aa5-b890-a81b14a279e1", "isDeleted:":"true", "version":"1678314194858"}}
{"logTime": "0311/210656", "correlationVector":"kgQYQCNPVwCRsWYqrUFnzG.101","action":"GetUpdates", "result":"DeleteReceived", "context":{"id":"aa637b64-44cb-412b-8169-b9667b02932e", "isDeleted:":"true", "version":"1678314260325"}}
{"logTime": "0311/210656", "correlationVector":"kgQYQCNPVwCRsWYqrUFnzG.102","action":"GetUpdates", "result":"DeleteReceived", "context":{"id":"b547135a-2608-4645-9497-609df10a2335", "isDeleted:":"true", "version":"1678314260326"}}
{"logTime": "0311/210656", "correlationVector":"kgQYQCNPVwCRsWYqrUFnzG.103","action":"GetUpdates", "result":"DeleteReceived", "context":{"id":"219ddbbc-58ea-4c18-a6b7-2e4b217738a2", "isDeleted:":"true", "version":"1678314501961"}}
{"logTime": "0311/210656", "correlationVector":"kgQYQCNPVwCRsWYqrUFnzG.104","action":"GetUpdates", "result":"DeleteReceived", "context":{"id":"d2cff291-64be-46fc-aabd-dbe397db9c7b", "isDeleted:":"true", "version":"1678314501963"}}
{"logTime": "0311/210656", "correlationVector":"kgQYQCNPVwCRsWYqrUFnzG.105","action":"GetUpdates", "result":"DeleteReceived", "context":{"id":"51c32cf5-1eb2-4fdd-8b75-2bc47759e53d", "isDeleted:":"true", "version":"1678343316432"}}
{"logTime": "0311/210656", "correlationVector":"kgQYQCNPVwCRsWYqrUFnzG.106","action":"GetUpdates", "result":"DeleteReceived", "context":{"id":"7b621a13-e02a-4574-82a0-80d99f0fbb13", "isDeleted:":"true", "version":"1678343316433"}}
{"logTime": "0311/210656", "correlationVector":"kgQYQCNPVwCRsWYqrUFnzG.107","action":"GetUpdates", "result":"DeleteReceived", "context":{"id":"48d42766-7147-4bbc-80e4-534d22a70043", "isDeleted:":"true", "version":"1678343316434"}}
{"logTime": "0311/210656", "correlationVector":"kgQYQCNPVwCRsWYqrUFnzG.108","action":"GetUpdates", "result":"DeleteReceived", "context":{"id":"097e2f9e-822d-44bb-b530-d84851b49e4f", "isDeleted:":"true", "version":"1678343316435"}}
{"logTime": "0311/210656", "correlationVector":"kgQYQCNPVwCRsWYqrUFnzG.109","action":"GetUpdates", "result":"DeleteReceived", "context":{"id":"6acb25df-444b-48a6-8d36-2e5a53c6fb37", "isDeleted:":"true", "version":"1678343397271"}}
{"logTime": "0311/210656", "correlationVector":"kgQYQCNPVwCRsWYqrUFnzG.110","action":"GetUpdates", "result":"DeleteReceived", "context":{"id":"3df4949a-b3a6-444d-b94e-cdab31070590", "isDeleted:":"true", "version":"1678348800260"}}
{"logTime": "0311/210656", "correlationVector":"kgQYQCNPVwCRsWYqrUFnzG.111","action":"GetUpdates", "result":"DeleteReceived", "context":{"id":"d3c0f339-77eb-4490-a7b7-5a5a8baedadb", "isDeleted:":"true", "version":"1678349000002"}}
{"logTime": "0311/210656", "correlationVector":"kgQYQCNPVwCRsWYqrUFnzG.112","action":"GetUpdates", "result":"DeleteReceived", "context":{"id":"faf34711-dab0-4477-93cb-ded0152b37c5", "isDeleted:":"true", "version":"1678349000003"}}
{"logTime": "0311/210656", "correlationVector":"kgQYQCNPVwCRsWYqrUFnzG.113","action":"GetUpdates", "result":"DeleteReceived", "context":{"id":"b8fe5b04-4ac2-4c02-98a9-68fa6463477b", "isDeleted:":"true", "version":"1678349095395"}}
{"logTime": "0311/210656", "correlationVector":"kgQYQCNPVwCRsWYqrUFnzG.114","action":"GetUpdates", "result":"DeleteReceived", "context":{"id":"b916af97-e30c-4830-a8c8-a4e88abd32a4", "isDeleted:":"true", "version":"1678349955605"}}
{"logTime": "0311/210656", "correlationVector":"kgQYQCNPVwCRsWYqrUFnzG.115","action":"GetUpdates", "result":"DeleteReceived", "context":{"id":"37c2e83c-1999-4547-97e0-dd6a476bc4e3", "isDeleted:":"true", "version":"1678350038948"}}
{"logTime": "0311/210656", "correlationVector":"kgQYQCNPVwCRsWYqrUFnzG.116","action":"GetUpdates", "result":"DeleteReceived", "context":{"id":"da36c4ae-3f44-42fe-8220-e807be7122ea", "isDeleted:":"true", "version":"1678350863172"}}
{"logTime": "0311/210656", "correlationVector":"kgQYQCNPVwCRsWYqrUFnzG.117","action":"GetUpdates", "result":"DeleteReceived", "context":{"id":"33483f59-d969-4b42-b7c6-c07d5701f51b", "isDeleted:":"true", "version":"1678350895370"}}
{"logTime": "0311/210656", "correlationVector":"kgQYQCNPVwCRsWYqrUFnzG.118","action":"GetUpdates", "result":"DeleteReceived", "context":{"id":"acf3c4d0-4185-48f0-94dd-cb3725760a18", "isDeleted:":"true", "version":"1678351201376"}}
{"logTime": "0311/210656", "correlationVector":"kgQYQCNPVwCRsWYqrUFnzG.119","action":"GetUpdates", "result":"DeleteReceived", "context":{"id":"54d1d989-3e46-4cc4-927c-faed97f37b20", "isDeleted:":"true", "version":"1678351257059"}}
{"logTime": "0311/210656", "correlationVector":"kgQYQCNPVwCRsWYqrUFnzG.120","action":"GetUpdates", "result":"DeleteReceived", "context":{"id":"f1508133-fff1-4c92-80a9-89cdf8c2ce28", "isDeleted:":"true", "version":"1678352082849"}}
{"logTime": "0311/210656", "correlationVector":"kgQYQCNPVwCRsWYqrUFnzG.121","action":"GetUpdates", "result":"DeleteReceived", "context":{"id":"8ca0b20d-cd3f-47ca-87e2-e58c0445b559", "isDeleted:":"true", "version":"1678362985878"}}
{"logTime": "0311/210656", "correlationVector":"kgQYQCNPVwCRsWYqrUFnzG.122","action":"GetUpdates", "result":"DeleteReceived", "context":{"id":"d0762d7f-32d9-442e-95df-333d8e38af5c", "isDeleted:":"true", "version":"1678362985881"}}
{"logTime": "0311/210656", "correlationVector":"kgQYQCNPVwCRsWYqrUFnzG.123","action":"GetUpdates", "result":"DeleteReceived", "context":{"id":"db836bdc-01b4-4c6e-a2c1-757540cdf59e", "isDeleted:":"true", "version":"1678362985883"}}
{"logTime": "0311/210656", "correlationVector":"kgQYQCNPVwCRsWYqrUFnzG.124","action":"GetUpdates", "result":"DeleteReceived", "context":{"id":"178cec3b-0d30-4be1-b58e-00a9cc695272", "isDeleted:":"true", "version":"1678362985884"}}
{"logTime": "0311/210656", "correlationVector":"kgQYQCNPVwCRsWYqrUFnzG.125","action":"GetUpdates", "result":"DeleteReceived", "context":{"id":"4bafd86d-98ad-4b3c-8ae9-c5e2847b916b", "isDeleted:":"true", "version":"1678363017996"}}
{"logTime": "0311/210656", "correlationVector":"kgQYQCNPVwCRsWYqrUFnzG.126","action":"GetUpdates", "result":"DeleteReceived", "context":{"id":"bd017f07-83d1-42a6-b59e-f9772c33ad89", "isDeleted:":"true", "version":"1678363017997"}}
{"logTime": "0311/210656", "correlationVector":"kgQYQCNPVwCRsWYqrUFnzG.127","action":"GetUpdates", "result":"DeleteReceived", "context":{"id":"1fea0908-6ee9-4e50-af4c-1a694000aeaf", "isDeleted:":"true", "version":"1678363017998"}}
{"logTime": "0311/210656", "correlationVector":"kgQYQCNPVwCRsWYqrUFnzG.128","action":"GetUpdates", "result":"DeleteReceived", "context":{"id":"2df0666c-3c07-47da-929c-fae5a27ca121", "isDeleted:":"true", "version":"1678363017999"}}
{"logTime": "0311/210656", "correlationVector":"kgQYQCNPVwCRsWYqrUFnzG.129","action":"GetUpdates", "result":"DeleteReceived", "context":{"id":"3a4eb7b4-6df1-4fd9-8f16-8a1656fd9419", "isDeleted:":"true", "version":"1678363720797"}}
{"logTime": "0311/210656", "correlationVector":"kgQYQCNPVwCRsWYqrUFnzG.130","action":"GetUpdates", "result":"DeleteReceived", "context":{"id":"d9e37f8c-32e9-43c1-beca-b8635344335a", "isDeleted:":"true", "version":"1678365713814"}}
{"logTime": "0311/210656", "correlationVector":"kgQYQCNPVwCRsWYqrUFnzG.131","action":"GetUpdates", "result":"DeleteReceived", "context":{"id":"9f0db7fd-f876-43cc-b79d-4c6762e35273", "isDeleted:":"true", "version":"1678365744659"}}
{"logTime": "0311/210656", "correlationVector":"kgQYQCNPVwCRsWYqrUFnzG.132","action":"GetUpdates", "result":"DeleteReceived", "context":{"id":"99bf0472-3c13-4b60-bf45-2add689f209f", "isDeleted:":"true", "version":"1678365933611"}}
{"logTime": "0311/210656", "correlationVector":"kgQYQCNPVwCRsWYqrUFnzG.133","action":"GetUpdates", "result":"DeleteReceived", "context":{"id":"f4563c78-2b2d-4038-8d1e-e0000f3acb97", "isDeleted:":"true", "version":"1678366117880"}}
{"logTime": "0311/210656", "correlationVector":"kgQYQCNPVwCRsWYqrUFnzG.134","action":"GetUpdates", "result":"DeleteReceived", "context":{"id":"7ab56aa5-9c54-4a3f-87b2-a9a7074b5258", "isDeleted:":"true", "version":"1678366263464"}}
{"logTime": "0311/210656", "correlationVector":"kgQYQCNPVwCRsWYqrUFnzG.135","action":"GetUpdates", "result":"DeleteReceived", "context":{"id":"470c31d4-6a2a-48ae-84f4-65e04d01caab", "isDeleted:":"true", "version":"1678367420871"}}
{"logTime": "0311/210656", "correlationVector":"kgQYQCNPVwCRsWYqrUFnzG.136","action":"GetUpdates", "result":"DeleteReceived", "context":{"id":"fc06b29f-9d67-490e-9d79-6e8e8f34802f", "isDeleted:":"true", "version":"1678368368779"}}
{"logTime": "0311/210656", "correlationVector":"kgQYQCNPVwCRsWYqrUFnzG.137","action":"GetUpdates", "result":"DeleteReceived", "context":{"id":"ed52500e-fb7b-4c55-969b-d5b72d9d8621", "isDeleted:":"true", "version":"1678368476263"}}
{"logTime": "0311/210656", "correlationVector":"kgQYQCNPVwCRsWYqrUFnzG.138","action":"GetUpdates", "result":"DeleteReceived", "context":{"id":"efe19e13-ea0e-4660-83ee-814da04f0962", "isDeleted:":"true", "version":"1678381698729"}}
{"logTime": "0311/210656", "correlationVector":"kgQYQCNPVwCRsWYqrUFnzG.139","action":"GetUpdates", "result":"DeleteReceived", "context":{"id":"1c5f7b1a-e022-443e-b1c5-91633dd16ac8", "isDeleted:":"true", "version":"1678383445187"}}
{"logTime": "0311/210656", "correlationVector":"kgQYQCNPVwCRsWYqrUFnzG.140","action":"GetUpdates", "result":"DeleteReceived", "context":{"id":"c5cc1695-2327-4424-bcf4-d58616720149", "isDeleted:":"true", "version":"1678393338219"}}
{"logTime": "0311/210656", "correlationVector":"kgQYQCNPVwCRsWYqrUFnzG.141","action":"GetUpdates", "result":"DeleteReceived", "context":{"id":"35675fa7-1ca7-4014-8694-8c315f984b24", "isDeleted:":"true", "version":"1678393854026"}}
{"logTime": "0311/210656", "correlationVector":"kgQYQCNPVwCRsWYqrUFnzG.142","action":"GetUpdates", "result":"DeleteReceived", "context":{"id":"fc85ceed-6351-49cb-94f6-e1f4f275b854", "isDeleted:":"true", "version":"1678394005650"}}
{"logTime": "0311/210656", "correlationVector":"kgQYQCNPVwCRsWYqrUFnzG.143","action":"GetUpdates", "result":"DeleteReceived", "context":{"id":"d01680eb-d493-461f-b6c7-3caaf2cc2c27", "isDeleted:":"true", "version":"1678394192873"}}
{"logTime": "0311/210656", "correlationVector":"kgQYQCNPVwCRsWYqrUFnzG.144","action":"GetUpdates", "result":"DeleteReceived", "context":{"id":"06de8677-7eef-4eb3-be83-38895fe1b2e3", "isDeleted:":"true", "version":"1678395270120"}}
{"logTime": "0311/210656", "correlationVector":"kgQYQCNPVwCRsWYqrUFnzG.145","action":"GetUpdates", "result":"DeleteReceived", "context":{"id":"4ef8fbd1-6978-49f4-b478-378eb46bc5cf", "isDeleted:":"true", "version":"1678395270121"}}
{"logTime": "0311/210656", "correlationVector":"kgQYQCNPVwCRsWYqrUFnzG.146","action":"GetUpdates", "result":"DeleteReceived", "context":{"id":"c7cb0787-13fe-46a9-aaad-cf1c69538e16", "isDeleted:":"true", "version":"1678395270122"}}
{"logTime": "0311/210656", "correlationVector":"kgQYQCNPVwCRsWYqrUFnzG.147","action":"GetUpdates", "result":"DeleteReceived", "context":{"id":"be72d512-603c-4e5b-b484-d591f03cdc7a", "isDeleted:":"true", "version":"1678395454705"}}
{"logTime": "0311/210656", "correlationVector":"kgQYQCNPVwCRsWYqrUFnzG.148","action":"GetUpdates", "result":"DeleteReceived", "context":{"id":"b3f911fa-29d3-41e8-a536-b66c3d4ca7eb", "isDeleted:":"true", "version":"1678395551583"}}
{"logTime": "0311/210656", "correlationVector":"kgQYQCNPVwCRsWYqrUFnzG.149","action":"GetUpdates", "result":"DeleteReceived", "context":{"id":"fd7854af-5bf2-46c5-b0cb-036f2e017e58", "isDeleted:":"true", "version":"1678395812060"}}
{"logTime": "0311/210656", "correlationVector":"kgQYQCNPVwCRsWYqrUFnzG.150","action":"GetUpdates", "result":"DeleteReceived", "context":{"id":"be58fff8-4916-4bd4-b203-b0eacbd725b5", "isDeleted:":"true", "version":"1678395914756"}}
{"logTime": "0311/210656", "correlationVector":"kgQYQCNPVwCRsWYqrUFnzG.151","action":"GetUpdates", "result":"DeleteReceived", "context":{"id":"af65d171-dec4-49bb-ae9e-bf2e1a691578", "isDeleted:":"true", "version":"1678395946701"}}
{"logTime": "0311/210656", "correlationVector":"kgQYQCNPVwCRsWYqrUFnzG.152","action":"GetUpdates", "result":"DeleteReceived", "context":{"id":"f9022e18-80c0-43dd-a4ba-afa382ce36a9", "isDeleted:":"true", "version":"1678395946702"}}
{"logTime": "0311/210656", "correlationVector":"kgQYQCNPVwCRsWYqrUFnzG.153","action":"GetUpdates", "result":"DeleteReceived", "context":{"id":"76218441-aadd-4e39-86ca-e1ced339ea05", "isDeleted:":"true", "version":"1678396118077"}}
{"logTime": "0311/210656", "correlationVector":"kgQYQCNPVwCRsWYqrUFnzG.154","action":"GetUpdates", "result":"DeleteReceived", "context":{"id":"5d4e92d6-253f-43fb-ab9f-66ecc382fe08", "isDeleted:":"true", "version":"1678397496115"}}
{"logTime": "0311/210656", "correlationVector":"kgQYQCNPVwCRsWYqrUFnzG.155","action":"GetUpdates", "result":"DeleteReceived", "context":{"id":"378690f5-772c-45b9-82f2-8c3c25315835", "isDeleted:":"true", "version":"1678397545150"}}
{"logTime": "0311/210656", "correlationVector":"kgQYQCNPVwCRsWYqrUFnzG.156","action":"GetUpdates", "result":"DeleteReceived", "context":{"id":"b5c73eeb-62e8-4b0b-a0b0-02142c488641", "isDeleted:":"true", "version":"1678397605604"}}
{"logTime": "0311/210656", "correlationVector":"kgQYQCNPVwCRsWYqrUFnzG.157","action":"GetUpdates", "result":"DeleteReceived", "context":{"id":"dd83e313-8f5a-4e3d-ae25-487a88104770", "isDeleted:":"true", "version":"1678397605606"}}
{"logTime": "0311/210656", "correlationVector":"kgQYQCNPVwCRsWYqrUFnzG.158","action":"GetUpdates", "result":"DeleteReceived", "context":{"id":"e1955e7e-5ae5-483d-841a-7819585803e0", "isDeleted:":"true", "version":"1678397987915"}}
{"logTime": "0311/210656", "correlationVector":"kgQYQCNPVwCRsWYqrUFnzG.159","action":"GetUpdates", "result":"DeleteReceived", "context":{"id":"0f59d52a-d573-45c8-b4c1-0a024b6c52eb", "isDeleted:":"true", "version":"1678398036165"}}
{"logTime": "0311/210656", "correlationVector":"kgQYQCNPVwCRsWYqrUFnzG.160","action":"GetUpdates", "result":"DeleteReceived", "context":{"id":"e51297c4-7dc3-4b71-82ef-878719c194b1", "isDeleted:":"true", "version":"1678398344746"}}
{"logTime": "0311/210656", "correlationVector":"kgQYQCNPVwCRsWYqrUFnzG.161","action":"GetUpdates", "result":"DeleteReceived", "context":{"id":"70887cc6-ed8a-4258-8fdb-17c4455c5edf", "isDeleted:":"true", "version":"1678398690374"}}
{"logTime": "0311/210656", "correlationVector":"kgQYQCNPVwCRsWYqrUFnzG.162","action":"GetUpdates", "result":"DeleteReceived", "context":{"id":"c3b7c18c-f250-4c10-a7f9-b4a2aa6b4e5a", "isDeleted:":"true", "version":"1678399193887"}}
{"logTime": "0311/210656", "correlationVector":"kgQYQCNPVwCRsWYqrUFnzG.163","action":"GetUpdates", "result":"DeleteReceived", "context":{"id":"a2a002b8-2640-4eca-b1f3-98057f4260be", "isDeleted:":"true", "version":"1678400149812"}}
{"logTime": "0311/210656", "correlationVector":"kgQYQCNPVwCRsWYqrUFnzG.164","action":"GetUpdates", "result":"DeleteReceived", "context":{"id":"c85a6bc5-e688-4d1a-a9e9-e53024d79b93", "isDeleted:":"true", "version":"1678400612190"}}
{"logTime": "0311/210656", "correlationVector":"kgQYQCNPVwCRsWYqrUFnzG.165","action":"GetUpdates", "result":"DeleteReceived", "context":{"id":"32ff5a0b-e952-48d4-94ee-7c2f1d065d3e", "isDeleted:":"true", "version":"1678400846190"}}
{"logTime": "0311/210656", "correlationVector":"kgQYQCNPVwCRsWYqrUFnzG.166","action":"GetUpdates", "result":"DeleteReceived", "context":{"id":"807fb38f-9b9a-4b2e-9f04-4ca3703bad9a", "isDeleted:":"true", "version":"1678400846192"}}
{"logTime": "0311/210656", "correlationVector":"kgQYQCNPVwCRsWYqrUFnzG.167","action":"GetUpdates", "result":"DeleteReceived", "context":{"id":"f675391a-f160-4cc1-aaa8-daba8d684561", "isDeleted:":"true", "version":"1678401232844"}}
{"logTime": "0311/210656", "correlationVector":"kgQYQCNPVwCRsWYqrUFnzG.168","action":"GetUpdates", "result":"DeleteReceived", "context":{"id":"17d9a0e7-edd7-463b-8d39-c873a0aa65d5", "isDeleted:":"true", "version":"1678401269507"}}
{"logTime": "0311/210656", "correlationVector":"kgQYQCNPVwCRsWYqrUFnzG.169","action":"GetUpdates", "result":"DeleteReceived", "context":{"id":"04bdce58-1fd6-479e-8053-46c1b37b1c61", "isDeleted:":"true", "version":"1678401342099"}}
{"logTime": "0311/210656", "correlationVector":"kgQYQCNPVwCRsWYqrUFnzG.170","action":"GetUpdates", "result":"DeleteReceived", "context":{"id":"f7caa25a-7fa7-4770-8f1f-7e7fb629b0e3", "isDeleted:":"true", "version":"1678401392214"}}
{"logTime": "0311/210656", "correlationVector":"kgQYQCNPVwCRsWYqrUFnzG.171","action":"GetUpdates", "result":"DeleteReceived", "context":{"id":"ad338703-0562-4fd6-99d1-d003b8e9a4cf", "isDeleted:":"true", "version":"1678401455729"}}
{"logTime": "0311/210656", "correlationVector":"kgQYQCNPVwCRsWYqrUFnzG.172","action":"GetUpdates", "result":"DeleteReceived", "context":{"id":"5621effc-862a-4db1-8f24-b5e120768c5a", "isDeleted:":"true", "version":"1678401455731"}}
{"logTime": "0311/210656", "correlationVector":"kgQYQCNPVwCRsWYqrUFnzG.173","action":"GetUpdates", "result":"DeleteReceived", "context":{"id":"91f14014-2bdf-4e5f-bc73-94a642707adc", "isDeleted:":"true", "version":"1678401489819"}}
{"logTime": "0311/210656", "correlationVector":"kgQYQCNPVwCRsWYqrUFnzG.174","action":"GetUpdates", "result":"DeleteReceived", "context":{"id":"629dde50-0d6b-4cfa-8b93-d27fcd138238", "isDeleted:":"true", "version":"1678401633855"}}
{"logTime": "0311/210656", "correlationVector":"kgQYQCNPVwCRsWYqrUFnzG.175","action":"GetUpdates", "result":"DeleteReceived", "context":{"id":"1665ad21-7468-4c7c-975a-51a74280fc3d", "isDeleted:":"true", "version":"1678402084598"}}
{"logTime": "0311/210656", "correlationVector":"kgQYQCNPVwCRsWYqrUFnzG.176","action":"GetUpdates", "result":"DeleteReceived", "context":{"id":"a56ab932-115f-4bb5-9cfd-dbf671962e5e", "isDeleted:":"true", "version":"1678402084599"}}
{"logTime": "0311/210656", "correlationVector":"kgQYQCNPVwCRsWYqrUFnzG.177","action":"GetUpdates", "result":"DeleteReceived", "context":{"id":"388ac152-d6da-45af-9e8a-95e82cdcd61b", "isDeleted:":"true", "version":"1678402084602"}}
{"logTime": "0311/210656", "correlationVector":"kgQYQCNPVwCRsWYqrUFnzG.178","action":"GetUpdates", "result":"DeleteReceived", "context":{"id":"23ee1efc-daa4-4828-b1e8-a3fee0fac7e9", "isDeleted:":"true", "version":"1678402577455"}}
{"logTime": "0311/210656", "correlationVector":"kgQYQCNPVwCRsWYqrUFnzG.179","action":"GetUpdates", "result":"DeleteReceived", "context":{"id":"77c21eb6-1437-4bda-8895-d93bad344575", "isDeleted:":"true", "version":"1678402577456"}}
{"logTime": "0311/210656", "correlationVector":"kgQYQCNPVwCRsWYqrUFnzG.180","action":"GetUpdates", "result":"DeleteReceived", "context":{"id":"e9d06ee9-6835-4260-8531-39b3e36840da", "isDeleted:":"true", "version":"1678402641329"}}
{"logTime": "0311/210656", "correlationVector":"kgQYQCNPVwCRsWYqrUFnzG.181","action":"GetUpdates", "result":"DeleteReceived", "context":{"id":"491eb11f-ece9-4603-bbdf-3d200a5e36ed", "isDeleted:":"true", "version":"1678402711359"}}
{"logTime": "0311/210656", "correlationVector":"kgQYQCNPVwCRsWYqrUFnzG.182","action":"GetUpdates", "result":"DeleteReceived", "context":{"id":"fdc84437-dd3c-4b2e-aab4-d5f25a4cef68", "isDeleted:":"true", "version":"1678403120642"}}
{"logTime": "0311/210656", "correlationVector":"kgQYQCNPVwCRsWYqrUFnzG.183","action":"GetUpdates", "result":"DeleteReceived", "context":{"id":"325ad7e4-5e9d-4ac4-90d4-6426866b5e27", "isDeleted:":"true", "version":"1678427872775"}}
{"logTime": "0311/210656", "correlationVector":"kgQYQCNPVwCRsWYqrUFnzG.184","action":"GetUpdates", "result":"DeleteReceived", "context":{"id":"454bd86a-308f-4d08-b2c7-65b2253378bd", "isDeleted:":"true", "version":"1678428655577"}}
{"logTime": "0311/210656", "correlationVector":"kgQYQCNPVwCRsWYqrUFnzG.185","action":"GetUpdates", "result":"DeleteReceived", "context":{"id":"e011dea9-fbbe-4c72-81f5-0e4f1ac56d28", "isDeleted:":"true", "version":"1678428691194"}}
{"logTime": "0311/210656", "correlationVector":"kgQYQCNPVwCRsWYqrUFnzG.186","action":"GetUpdates", "result":"DeleteReceived", "context":{"id":"3dbe64c5-f0f9-46bf-a911-9001ae9a3c21", "isDeleted:":"true", "version":"1678428725451"}}
{"logTime": "0311/210656", "correlationVector":"kgQYQCNPVwCRsWYqrUFnzG.187","action":"GetUpdates", "result":"DeleteReceived", "context":{"id":"2940da72-a833-4a88-be7d-5b0fff1e36d0", "isDeleted:":"true", "version":"1678428725453"}}
{"logTime": "0311/210656", "correlationVector":"kgQYQCNPVwCRsWYqrUFnzG.188","action":"GetUpdates", "result":"DeleteReceived", "context":{"id":"751c076c-d387-494e-8268-f4a016058ccd", "isDeleted:":"true", "version":"1678428926314"}}
{"logTime": "0311/210656", "correlationVector":"kgQYQCNPVwCRsWYqrUFnzG.189","action":"GetUpdates", "result":"DeleteReceived", "context":{"id":"a71290d4-9ee6-435c-8db1-c71f9d262885", "isDeleted:":"true", "version":"1678429858746"}}
{"logTime": "0311/210656", "correlationVector":"kgQYQCNPVwCRsWYqrUFnzG.190","action":"GetUpdates", "result":"DeleteReceived", "context":{"id":"7523c65d-a5ef-4f48-a163-547e62006ccb", "isDeleted:":"true", "version":"1678429932536"}}
{"logTime": "0311/210656", "correlationVector":"kgQYQCNPVwCRsWYqrUFnzG.191","action":"GetUpdates", "result":"DeleteReceived", "context":{"id":"33036a94-af8f-47b1-a6dd-856c9a0b9dfd", "isDeleted:":"true", "version":"1678430004701"}}
{"logTime": "0311/210656", "correlationVector":"kgQYQCNPVwCRsWYqrUFnzG.192","action":"GetUpdates", "result":"DeleteReceived", "context":{"id":"86276eca-b92f-4f6d-a6fb-7872fcee7993", "isDeleted:":"true", "version":"1678430042598"}}
{"logTime": "0311/210656", "correlationVector":"kgQYQCNPVwCRsWYqrUFnzG.193","action":"GetUpdates", "result":"DeleteReceived", "context":{"id":"a3d384d1-ace2-4140-8569-61845dbba365", "isDeleted:":"true", "version":"1678430042599"}}
{"logTime": "0311/210656", "correlationVector":"kgQYQCNPVwCRsWYqrUFnzG.194","action":"GetUpdates", "result":"DeleteReceived", "context":{"id":"adcaa8af-77ae-43a3-858c-7f0d45501a10", "isDeleted:":"true", "version":"1678430073358"}}
{"logTime": "0311/210656", "correlationVector":"kgQYQCNPVwCRsWYqrUFnzG.195","action":"GetUpdates", "result":"DeleteReceived", "context":{"id":"01bc3bf5-ed51-4c30-9c27-99457dd72bdd", "isDeleted:":"true", "version":"1678430227980"}}
{"logTime": "0311/210656", "correlationVector":"kgQYQCNPVwCRsWYqrUFnzG.196","action":"GetUpdates", "result":"DeleteReceived", "context":{"id":"c1ef3b0d-638e-402f-8391-cfc33703d70f", "isDeleted:":"true", "version":"1678430266627"}}
{"logTime": "0311/210656", "correlationVector":"kgQYQCNPVwCRsWYqrUFnzG.197","action":"GetUpdates", "result":"DeleteReceived", "context":{"id":"8a3d1c48-7c2c-41b4-a844-2e8256a25011", "isDeleted:":"true", "version":"1678430266628"}}
{"logTime": "0311/210656", "correlationVector":"kgQYQCNPVwCRsWYqrUFnzG.198","action":"GetUpdates", "result":"DeleteReceived", "context":{"id":"6f9651d7-72f7-49dd-920d-b5d7d40bd531", "isDeleted:":"true", "version":"1678430266630"}}
{"logTime": "0311/210656", "correlationVector":"kgQYQCNPVwCRsWYqrUFnzG.199","action":"GetUpdates", "result":"DeleteReceived", "context":{"id":"3808e464-69bc-4bd5-b8ac-58fefda72810", "isDeleted:":"true", "version":"1678430691846"}}
{"logTime": "0311/210656", "correlationVector":"kgQYQCNPVwCRsWYqrUFnzG.200","action":"GetUpdates", "result":"DeleteReceived", "context":{"id":"8df2a034-d900-4493-99dc-2987d00b294a", "isDeleted:":"true", "version":"1678430691847"}}
{"logTime": "0311/210656", "correlationVector":"kgQYQCNPVwCRsWYqrUFnzG.201","action":"GetUpdates", "result":"DeleteReceived", "context":{"id":"640fb5bc-b5c5-4bc0-95b9-47e46c803e92", "isDeleted:":"true", "version":"1678436290641"}}
{"logTime": "0311/210656", "correlationVector":"kgQYQCNPVwCRsWYqrUFnzG.202","action":"GetUpdates", "result":"DeleteReceived", "context":{"id":"0eb30f68-e857-4cc7-a884-a48ed25d539b", "isDeleted:":"true", "version":"1678437560069"}}
{"logTime": "0311/210656", "correlationVector":"kgQYQCNPVwCRsWYqrUFnzG.203","action":"GetUpdates", "result":"DeleteReceived", "context":{"id":"2570aedf-5ac7-4545-9a79-b869e17732ec", "isDeleted:":"true", "version":"1678437750688"}}
{"logTime": "0311/210656", "correlationVector":"kgQYQCNPVwCRsWYqrUFnzG.204","action":"GetUpdates", "result":"DeleteReceived", "context":{"id":"ffce9139-c2d2-4301-965e-00d70bf19faa", "isDeleted:":"true", "version":"1678438072804"}}
{"logTime": "0311/210656", "correlationVector":"kgQYQCNPVwCRsWYqrUFnzG.205","action":"GetUpdates", "result":"DeleteReceived", "context":{"id":"9fec71b3-fb5b-4d13-ab85-4db039cbf114", "isDeleted:":"true", "version":"1678454810833"}}
{"logTime": "0311/210656", "correlationVector":"kgQYQCNPVwCRsWYqrUFnzG.206","action":"GetUpdates", "result":"DeleteReceived", "context":{"id":"6df48aef-8dfb-43d6-ae6c-5c7ad90de512", "isDeleted:":"true", "version":"1678454844672"}}
{"logTime": "0311/210656", "correlationVector":"kgQYQCNPVwCRsWYqrUFnzG.207","action":"GetUpdates", "result":"DeleteReceived", "context":{"id":"12b67add-413a-4062-b71a-e6ace57ee267", "isDeleted:":"true", "version":"1678454875460"}}
{"logTime": "0311/210656", "correlationVector":"kgQYQCNPVwCRsWYqrUFnzG.208","action":"GetUpdates", "result":"DeleteReceived", "context":{"id":"df658a72-a151-4e76-a499-67215c633237", "isDeleted:":"true", "version":"1678457809376"}}
{"logTime": "0311/210656", "correlationVector":"kgQYQCNPVwCRsWYqrUFnzG.209","action":"GetUpdates", "result":"DeleteReceived", "context":{"id":"2c787653-e0db-44cd-b68c-f57c3c43f0d5", "isDeleted:":"true", "version":"1678458109708"}}
{"logTime": "0311/210656", "correlationVector":"kgQYQCNPVwCRsWYqrUFnzG.210","action":"GetUpdates", "result":"DeleteReceived", "context":{"id":"b3573ef7-a02d-4669-bde0-cd99d14321fc", "isDeleted:":"true", "version":"1678458180634"}}
{"logTime": "0311/210656", "correlationVector":"kgQYQCNPVwCRsWYqrUFnzG.211","action":"GetUpdates", "result":"DeleteReceived", "context":{"id":"46de8c07-eaa1-41ea-8e64-347d35c87e6d", "isDeleted:":"true", "version":"1678458336315"}}
{"logTime": "0311/210656", "correlationVector":"kgQYQCNPVwCRsWYqrUFnzG.212","action":"GetUpdates", "result":"DeleteReceived", "context":{"id":"b1cba3b6-f097-43e0-8ec3-6017cdc34345", "isDeleted:":"true", "version":"1678458403704"}}
{"logTime": "0311/210656", "correlationVector":"kgQYQCNPVwCRsWYqrUFnzG.213","action":"GetUpdates", "result":"DeleteReceived", "context":{"id":"3b01fd54-af6a-430c-b2f1-bc753b8577d8", "isDeleted:":"true", "version":"1678458585832"}}
{"logTime": "0311/210656", "correlationVector":"kgQYQCNPVwCRsWYqrUFnzG.214","action":"GetUpdates", "result":"DeleteReceived", "context":{"id":"2671c6cb-017c-44d1-984f-b168452f29c4", "isDeleted:":"true", "version":"1678459060055"}}
{"logTime": "0311/210656", "correlationVector":"kgQYQCNPVwCRsWYqrUFnzG.215","action":"GetUpdates", "result":"DeleteReceived", "context":{"id":"00d58df4-631b-41ca-8fc5-ae053e5b510a", "isDeleted:":"true", "version":"1678459060057"}}
{"logTime": "0311/210656", "correlationVector":"kgQYQCNPVwCRsWYqrUFnzG.216","action":"GetUpdates", "result":"DeleteReceived", "context":{"id":"f213fb34-41b5-4a05-91e1-18a2bf9e130b", "isDeleted:":"true", "version":"1678459180988"}}
{"logTime": "0311/210656", "correlationVector":"kgQYQCNPVwCRsWYqrUFnzG.217","action":"GetUpdates", "result":"DeleteReceived", "context":{"id":"77e180c1-cb08-4fd4-ba28-67b16fc32706", "isDeleted:":"true", "version":"1678459215803"}}
{"logTime": "0311/210656", "correlationVector":"kgQYQCNPVwCRsWYqrUFnzG.218","action":"GetUpdates", "result":"DeleteReceived", "context":{"id":"deb67352-1a5e-4082-b76d-5d0193489c73", "isDeleted:":"true", "version":"1678459433078"}}
{"logTime": "0311/210656", "correlationVector":"kgQYQCNPVwCRsWYqrUFnzG.219","action":"GetUpdates", "result":"DeleteReceived", "context":{"id":"af3176df-36b7-46e8-a127-937874f01da2", "isDeleted:":"true", "version":"1678459433079"}}
{"logTime": "0311/210656", "correlationVector":"kgQYQCNPVwCRsWYqrUFnzG.220","action":"GetUpdates", "result":"DeleteReceived", "context":{"id":"d4a5ca01-56c2-4c1c-81e0-f255e9ee5287", "isDeleted:":"true", "version":"1678459433081"}}
{"logTime": "0311/210656", "correlationVector":"kgQYQCNPVwCRsWYqrUFnzG.221","action":"GetUpdates", "result":"DeleteReceived", "context":{"id":"72d869e6-fdcf-490f-800a-9de902709c4a", "isDeleted:":"true", "version":"1678462057233"}}
{"logTime": "0311/210656", "correlationVector":"kgQYQCNPVwCRsWYqrUFnzG.222","action":"GetUpdates", "result":"DeleteReceived", "context":{"id":"632fc100-cd2b-4cd4-a792-1b50baac6c58", "isDeleted:":"true", "version":"1678492969452"}}
{"logTime": "0311/210656", "correlationVector":"kgQYQCNPVwCRsWYqrUFnzG.223","action":"GetUpdates", "result":"DeleteReceived", "context":{"id":"b82d4a38-d016-423c-927b-1c576964fdbc", "isDeleted:":"true", "version":"1678493159792"}}
{"logTime": "0311/210656", "correlationVector":"kgQYQCNPVwCRsWYqrUFnzG.224","action":"GetUpdates", "result":"DeleteReceived", "context":{"id":"a72ad4db-44e2-4c3b-a645-73998262fbf6", "isDeleted:":"true", "version":"1678527984305"}}
{"logTime": "0311/210656", "correlationVector":"kgQYQCNPVwCRsWYqrUFnzG.225","action":"GetUpdates", "result":"DeleteReceived", "context":{"id":"2d8d3590-76ad-4d59-a49f-adfaef1ac1ea", "isDeleted:":"true", "version":"1678528220474"}}
{"logTime": "0311/210656", "correlationVector":"kgQYQCNPVwCRsWYqrUFnzG.226","action":"GetUpdates Response", "result":"SERVER_MORE_TO_DOWNLOAD", "context":Received 250 update(s).  Some updates remain.}
{"logTime": "0311/210656", "correlationVector":"AOmD1ByafjsuTpbl5jPBf/","action":"Initial GetUpdates", "result":"", "context":Reason: RECONFIGURATION. cV=AOmD1ByafjsuTpbl5jPBf/}
{"logTime": "0311/210656", "correlationVector":"AOmD1ByafjsuTpbl5jPBf/.1","action":"SyncServerConnectionManagerRequest", "result":"SYNC_SERVER_OK", "context":{"environment":"Prod_SoutheastAsia_000j", "server":"general0100000R"}}
{"logTime": "0311/210657", "correlationVector":"AOmD1ByafjsuTpbl5jPBf/.2","action":"GetUpdates", "result":"DeleteReceived", "context":{"id":"f56318ec-d8d3-4f71-9fd0-289db4fb09d6", "isDeleted:":"true", "version":"1678528252565"}}
{"logTime": "0311/210657", "correlationVector":"AOmD1ByafjsuTpbl5jPBf/.3","action":"GetUpdates", "result":"DeleteReceived", "context":{"id":"e3d75f82-e557-4230-9097-69e9ec40facb", "isDeleted:":"true", "version":"1678537159033"}}
{"logTime": "0311/210657", "correlationVector":"AOmD1ByafjsuTpbl5jPBf/.4","action":"GetUpdates", "result":"DeleteReceived", "context":{"id":"88afa694-f830-4c98-a827-b0b3a0a22b43", "isDeleted:":"true", "version":"1678537956297"}}
{"logTime": "0311/210657", "correlationVector":"AOmD1ByafjsuTpbl5jPBf/.5","action":"GetUpdates", "result":"DeleteReceived", "context":{"id":"30b8cb06-fd05-4fda-872d-cf5e130ec550", "isDeleted:":"true", "version":"1678538073831"}}
{"logTime": "0311/210657", "correlationVector":"AOmD1ByafjsuTpbl5jPBf/.6","action":"GetUpdates", "result":"DeleteReceived", "context":{"id":"22bbe877-92e2-4d57-b1de-142af4554625", "isDeleted:":"true", "version":"1678538289746"}}
{"logTime": "0311/210657", "correlationVector":"AOmD1ByafjsuTpbl5jPBf/.7","action":"GetUpdates", "result":"DeleteReceived", "context":{"id":"0bab6f07-e821-4a00-baf7-d9be6b24e66e", "isDeleted:":"true", "version":"1678538289747"}}
{"logTime": "0311/210657", "correlationVector":"AOmD1ByafjsuTpbl5jPBf/.8","action":"GetUpdates", "result":"DeleteReceived", "context":{"id":"0442825f-279e-462c-b410-470356665594", "isDeleted:":"true", "version":"1678538343809"}}
{"logTime": "0311/210657", "correlationVector":"AOmD1ByafjsuTpbl5jPBf/.9","action":"GetUpdates", "result":"DeleteReceived", "context":{"id":"e6905d04-5428-4f41-b02c-5a8d4cc21c44", "isDeleted:":"true", "version":"1678538455032"}}
{"logTime": "0311/210657", "correlationVector":"AOmD1ByafjsuTpbl5jPBf/.10","action":"GetUpdates", "result":"DeleteReceived", "context":{"id":"c30ba220-886e-43e1-950f-5fbccb4b6445", "isDeleted:":"true", "version":"1678538455033"}}
{"logTime": "0311/210657", "correlationVector":"AOmD1ByafjsuTpbl5jPBf/.11","action":"GetUpdates", "result":"DeleteReceived", "context":{"id":"f1744f0a-99f6-43de-9605-cbc3cadff1c1", "isDeleted:":"true", "version":"1678538488344"}}
{"logTime": "0311/210657", "correlationVector":"AOmD1ByafjsuTpbl5jPBf/.12","action":"GetUpdates", "result":"DeleteReceived", "context":{"id":"01ca7046-7daa-4e90-a3d8-df08191798fd", "isDeleted:":"true", "version":"1678539322989"}}
{"logTime": "0311/210657", "correlationVector":"AOmD1ByafjsuTpbl5jPBf/.13","action":"GetUpdates", "result":"DeleteReceived", "context":{"id":"234410ec-e8fa-477d-b64f-9719af224862", "isDeleted:":"true", "version":"1678539393907"}}
{"logTime": "0311/210657", "correlationVector":"AOmD1ByafjsuTpbl5jPBf/.14","action":"GetUpdates", "result":"DeleteReceived", "context":{"id":"e34e5ae0-fce7-4c8e-ab9b-96a19eea131c", "isDeleted:":"true", "version":"1678539491545"}}
{"logTime": "0311/210657", "correlationVector":"AOmD1ByafjsuTpbl5jPBf/.15","action":"GetUpdates", "result":"DeleteReceived", "context":{"id":"3db94e53-3400-4137-90dd-0505f2f99491", "isDeleted:":"true", "version":"1678539641648"}}
{"logTime": "0311/210657", "correlationVector":"AOmD1ByafjsuTpbl5jPBf/.16","action":"GetUpdates", "result":"DeleteReceived", "context":{"id":"cdbbb1cd-2c02-40d6-a884-c53a9041529d", "isDeleted:":"true", "version":"1678540373306"}}
{"logTime": "0311/210657", "correlationVector":"AOmD1ByafjsuTpbl5jPBf/.17","action":"GetUpdates", "result":"DeleteReceived", "context":{"id":"c00d65a9-8f01-4a8d-bf05-b2bb74aa77bd", "isDeleted:":"true", "version":"1678540373307"}}
{"logTime": "0311/210657", "correlationVector":"AOmD1ByafjsuTpbl5jPBf/.18","action":"GetUpdates", "result":"DeleteReceived", "context":{"id":"d25913b2-b771-4738-a303-ee6aeb7d5413", "isDeleted:":"true", "version":"1678546141106"}}
{"logTime": "0311/210657", "correlationVector":"AOmD1ByafjsuTpbl5jPBf/.19","action":"GetUpdates", "result":"DeleteReceived", "context":{"id":"70fb48fc-c2ca-4fdc-bd24-b7400e16781b", "isDeleted:":"true", "version":"1678547817537"}}
{"logTime": "0311/210657", "correlationVector":"AOmD1ByafjsuTpbl5jPBf/.20","action":"GetUpdates", "result":"DeleteReceived", "context":{"id":"6920e106-82d6-4ac5-9fb4-6de22071cc78", "isDeleted:":"true", "version":"1678547848839"}}
{"logTime": "0311/210657", "correlationVector":"AOmD1ByafjsuTpbl5jPBf/.21","action":"GetUpdates", "result":"DeleteReceived", "context":{"id":"733b895f-2d08-43b6-97e5-b01faea5c34d", "isDeleted:":"true", "version":"1678547848840"}}
{"logTime": "0311/210657", "correlationVector":"AOmD1ByafjsuTpbl5jPBf/.22","action":"GetUpdates", "result":"DeleteReceived", "context":{"id":"5e9904b6-faf3-47e5-be1b-afccf64de4f4", "isDeleted:":"true", "version":"1678548001397"}}
{"logTime": "0311/210657", "correlationVector":"AOmD1ByafjsuTpbl5jPBf/.23","action":"GetUpdates", "result":"DeleteReceived", "context":{"id":"576cb403-0371-40e2-a5b2-2ea6446fe4bb", "isDeleted:":"true", "version":"1678548378852"}}
{"logTime": "0311/210657", "correlationVector":"AOmD1ByafjsuTpbl5jPBf/.24","action":"GetUpdates", "result":"DeleteReceived", "context":{"id":"20086e7c-268a-4a7a-8890-786031090f37", "isDeleted:":"true", "version":"1678548533163"}}
{"logTime": "0311/210657", "correlationVector":"AOmD1ByafjsuTpbl5jPBf/.25","action":"GetUpdates", "result":"DeleteReceived", "context":{"id":"0c266f4b-8119-4eea-812c-6a34b605c8d3", "isDeleted:":"true", "version":"1678548533165"}}
{"logTime": "0311/210657", "correlationVector":"AOmD1ByafjsuTpbl5jPBf/.26","action":"GetUpdates", "result":"DeleteReceived", "context":{"id":"6364672d-37d4-4957-ba50-17d0f5e37aae", "isDeleted:":"true", "version":"1678548676447"}}
{"logTime": "0311/210657", "correlationVector":"AOmD1ByafjsuTpbl5jPBf/.27","action":"GetUpdates", "result":"DeleteReceived", "context":{"id":"019541ae-c274-4309-ae8c-5586bc56f9ff", "isDeleted:":"true", "version":"1678550767119"}}
{"logTime": "0311/210657", "correlationVector":"AOmD1ByafjsuTpbl5jPBf/.28","action":"GetUpdates", "result":"DeleteReceived", "context":{"id":"6194bb34-8bd9-4b29-9590-b26ffe8e52f2", "isDeleted:":"true", "version":"1678550767120"}}
{"logTime": "0311/210657", "correlationVector":"AOmD1ByafjsuTpbl5jPBf/.29","action":"GetUpdates", "result":"DeleteReceived", "context":{"id":"a4781ce4-ef52-41cd-951f-578a4b7cb0bc", "isDeleted:":"true", "version":"1678550767121"}}
{"logTime": "0311/210657", "correlationVector":"AOmD1ByafjsuTpbl5jPBf/.30","action":"GetUpdates", "result":"DeleteReceived", "context":{"id":"1546557b-072a-4033-ac01-41058637a889", "isDeleted:":"true", "version":"1678551020277"}}
{"logTime": "0311/210657", "correlationVector":"AOmD1ByafjsuTpbl5jPBf/.31","action":"GetUpdates", "result":"DeleteReceived", "context":{"id":"bae297fc-6905-4524-85e4-f25ab0cd7c55", "isDeleted:":"true", "version":"1678551020278"}}
{"logTime": "0311/210657", "correlationVector":"AOmD1ByafjsuTpbl5jPBf/.32","action":"GetUpdates", "result":"DeleteReceived", "context":{"id":"092e7ce5-31dc-4ad3-9450-676378aad35a", "isDeleted:":"true", "version":"1678551802592"}}
{"logTime": "0311/210657", "correlationVector":"AOmD1ByafjsuTpbl5jPBf/.33","action":"GetUpdates", "result":"DeleteReceived", "context":{"id":"5202e8f5-605b-4484-8251-e63fe2ffd9af", "isDeleted:":"true", "version":"1678555079869"}}
{"logTime": "0311/210657", "correlationVector":"AOmD1ByafjsuTpbl5jPBf/.34","action":"GetUpdates", "result":"DeleteReceived", "context":{"id":"fdc81ae3-eb2a-4d56-a244-7817b0e31580", "isDeleted:":"true", "version":"1678555079870"}}
{"logTime": "0311/210657", "correlationVector":"AOmD1ByafjsuTpbl5jPBf/.35","action":"GetUpdates", "result":"DeleteReceived", "context":{"id":"3cadc394-d4f8-4037-aa55-5baadd2cbbea", "isDeleted:":"true", "version":"1678555079872"}}
{"logTime": "0311/210657", "correlationVector":"AOmD1ByafjsuTpbl5jPBf/.36","action":"GetUpdates", "result":"DeleteReceived", "context":{"id":"8a07620d-08a1-4a28-a04c-2f06c527e565", "isDeleted:":"true", "version":"1678555727879"}}
{"logTime": "0311/210657", "correlationVector":"AOmD1ByafjsuTpbl5jPBf/.37","action":"GetUpdates", "result":"DeleteReceived", "context":{"id":"c012eeff-7943-4417-af37-cde1d595e41d", "isDeleted:":"true", "version":"1678555774664"}}
{"logTime": "0311/210657", "correlationVector":"AOmD1ByafjsuTpbl5jPBf/.38","action":"GetUpdates", "result":"DeleteReceived", "context":{"id":"69db9cb7-de1e-4745-8621-13407e2dc736", "isDeleted:":"true", "version":"1678557605926"}}
{"logTime": "0311/210657", "correlationVector":"AOmD1ByafjsuTpbl5jPBf/.39","action":"GetUpdates", "result":"DeleteReceived", "context":{"id":"78d867c8-fd8e-43b3-ac4b-a0e7d0695136", "isDeleted:":"true", "version":"1678557619617"}}
{"logTime": "0311/210657", "correlationVector":"AOmD1ByafjsuTpbl5jPBf/.40","action":"GetUpdates", "result":"DeleteReceived", "context":{"id":"6e283c48-fa9e-4d0a-aa94-0411be6b90df", "isDeleted:":"true", "version":"1678557652687"}}
{"logTime": "0311/210657", "correlationVector":"AOmD1ByafjsuTpbl5jPBf/.41","action":"GetUpdates", "result":"DeleteReceived", "context":{"id":"27258977-7a1a-4498-a3ca-d9f7716dd9ef", "isDeleted:":"true", "version":"1678557798087"}}
{"logTime": "0311/210657", "correlationVector":"AOmD1ByafjsuTpbl5jPBf/.42","action":"GetUpdates", "result":"DeleteReceived", "context":{"id":"1868556f-addf-4fea-aea0-4ee8fe752b7e", "isDeleted:":"true", "version":"1678558231877"}}
{"logTime": "0311/210657", "correlationVector":"AOmD1ByafjsuTpbl5jPBf/.43","action":"GetUpdates", "result":"DeleteReceived", "context":{"id":"2b3daa68-126e-4d75-9bea-45acf73b1825", "isDeleted:":"true", "version":"1678558262930"}}
{"logTime": "0311/210657", "correlationVector":"AOmD1ByafjsuTpbl5jPBf/.44","action":"GetUpdates", "result":"DeleteReceived", "context":{"id":"9c2df3a6-76e8-4d36-852b-f3e9e64c8811", "isDeleted:":"true", "version":"1678558522006"}}
{"logTime": "0311/210657", "correlationVector":"AOmD1ByafjsuTpbl5jPBf/.45","action":"GetUpdates", "result":"DeleteReceived", "context":{"id":"95348795-e4b5-4fbc-83ad-8fa550fef2ab", "isDeleted:":"true", "version":"1678558556285"}}
{"logTime": "0311/210657", "correlationVector":"AOmD1ByafjsuTpbl5jPBf/.46","action":"GetUpdates", "result":"DeleteReceived", "context":{"id":"198b197b-53de-4a77-8942-4daf718895fa", "isDeleted:":"true", "version":"1678558556287"}}
{"logTime": "0311/210657", "correlationVector":"AOmD1ByafjsuTpbl5jPBf/.47","action":"GetUpdates", "result":"DeleteReceived", "context":{"id":"d4f349d1-d4db-40b4-9fe2-71e455140158", "isDeleted:":"true", "version":"1678558599741"}}
{"logTime": "0311/210657", "correlationVector":"AOmD1ByafjsuTpbl5jPBf/.48","action":"GetUpdates", "result":"DeleteReceived", "context":{"id":"952e2942-f9d2-4952-9a70-20fee1fa43c9", "isDeleted:":"true", "version":"1678558599742"}}
{"logTime": "0311/210657", "correlationVector":"AOmD1ByafjsuTpbl5jPBf/.49","action":"GetUpdates", "result":"DeleteReceived", "context":{"id":"59b0f231-f9f9-49bf-be1f-f3e5cfe2f623", "isDeleted:":"true", "version":"1678558599743"}}
{"logTime": "0311/210657", "correlationVector":"AOmD1ByafjsuTpbl5jPBf/.50","action":"GetUpdates", "result":"DeleteReceived", "context":{"id":"c70eff18-fcda-4930-931c-60198c261ffb", "isDeleted:":"true", "version":"1678558599744"}}
{"logTime": "0311/210657", "correlationVector":"AOmD1ByafjsuTpbl5jPBf/.51","action":"GetUpdates", "result":"DeleteReceived", "context":{"id":"8c2039eb-e504-45d5-9cea-4de43370a37d", "isDeleted:":"true", "version":"1678558986285"}}
{"logTime": "0311/210657", "correlationVector":"AOmD1ByafjsuTpbl5jPBf/.52","action":"GetUpdates", "result":"DeleteReceived", "context":{"id":"8b2f1ef6-c482-4e76-9012-1ac9fc18377e", "isDeleted:":"true", "version":"1678559047307"}}
{"logTime": "0311/210657", "correlationVector":"AOmD1ByafjsuTpbl5jPBf/.53","action":"GetUpdates", "result":"DeleteReceived", "context":{"id":"f6e02dfe-8d29-4b0b-be97-24c51125d510", "isDeleted:":"true", "version":"1678559300096"}}
{"logTime": "0311/210657", "correlationVector":"AOmD1ByafjsuTpbl5jPBf/.54","action":"GetUpdates", "result":"DeleteReceived", "context":{"id":"cef02605-44ca-4920-97dc-119cff645dd0", "isDeleted:":"true", "version":"1678560447843"}}
{"logTime": "0311/210657", "correlationVector":"AOmD1ByafjsuTpbl5jPBf/.55","action":"GetUpdates", "result":"DeleteReceived", "context":{"id":"e31d5a17-0d55-46bb-ab8a-347b6effb53a", "isDeleted:":"true", "version":"1678560447844"}}
{"logTime": "0311/210657", "correlationVector":"AOmD1ByafjsuTpbl5jPBf/.56","action":"GetUpdates", "result":"DeleteReceived", "context":{"id":"ce6b98fc-dc29-4a3f-a651-291c1df39b95", "isDeleted:":"true", "version":"1678560521313"}}
{"logTime": "0311/210657", "correlationVector":"AOmD1ByafjsuTpbl5jPBf/.57","action":"GetUpdates", "result":"DeleteReceived", "context":{"id":"dff5852e-2fff-43dc-bfaf-2a5a0af222e9", "isDeleted:":"true", "version":"1678560521314"}}
{"logTime": "0311/210657", "correlationVector":"AOmD1ByafjsuTpbl5jPBf/.58","action":"GetUpdates", "result":"DeleteReceived", "context":{"id":"e8c4fabe-d898-4404-bc11-a9cd017b8154", "isDeleted:":"true", "version":"1678561218902"}}
{"logTime": "0311/210657", "correlationVector":"AOmD1ByafjsuTpbl5jPBf/.59","action":"GetUpdates", "result":"DeleteReceived", "context":{"id":"a44ef96c-e9c0-4c5e-9e49-aa2aa37c8e97", "isDeleted:":"true", "version":"1678561306549"}}
{"logTime": "0311/210657", "correlationVector":"AOmD1ByafjsuTpbl5jPBf/.60","action":"GetUpdates", "result":"DeleteReceived", "context":{"id":"09db8fb4-8ae2-42c0-8669-42869dc3d1ba", "isDeleted:":"true", "version":"1678561401648"}}
{"logTime": "0311/210657", "correlationVector":"AOmD1ByafjsuTpbl5jPBf/.61","action":"GetUpdates", "result":"DeleteReceived", "context":{"id":"11ea3206-444f-4d5b-9416-30a4963c8ef1", "isDeleted:":"true", "version":"1678561401650"}}
{"logTime": "0311/210657", "correlationVector":"AOmD1ByafjsuTpbl5jPBf/.62","action":"GetUpdates", "result":"DeleteReceived", "context":{"id":"3b710c9b-c2b5-4589-84ea-c08d3b9a50e1", "isDeleted:":"true", "version":"1678561547271"}}
{"logTime": "0311/210657", "correlationVector":"AOmD1ByafjsuTpbl5jPBf/.63","action":"GetUpdates", "result":"DeleteReceived", "context":{"id":"f7c842dd-fe33-4935-9f0e-96545d9b5498", "isDeleted:":"true", "version":"1678561592599"}}
{"logTime": "0311/210657", "correlationVector":"AOmD1ByafjsuTpbl5jPBf/.64","action":"GetUpdates", "result":"DeleteReceived", "context":{"id":"e07f15e3-f00b-4c1d-99b8-f6c1f216db37", "isDeleted:":"true", "version":"1678561592601"}}
{"logTime": "0311/210657", "correlationVector":"AOmD1ByafjsuTpbl5jPBf/.65","action":"GetUpdates", "result":"DeleteReceived", "context":{"id":"d0eb341c-5926-44d2-9879-90bf08d6cfd1", "isDeleted:":"true", "version":"1678564218590"}}
{"logTime": "0311/210657", "correlationVector":"AOmD1ByafjsuTpbl5jPBf/.66","action":"GetUpdates", "result":"DeleteReceived", "context":{"id":"fb5e1fcc-a7a8-4bd9-a71e-6d005aad1c1b", "isDeleted:":"true", "version":"1678564292207"}}
{"logTime": "0311/210657", "correlationVector":"AOmD1ByafjsuTpbl5jPBf/.67","action":"GetUpdates", "result":"DeleteReceived", "context":{"id":"c97efa17-7adf-4f56-8ab9-c2b34a82e520", "isDeleted:":"true", "version":"1678564421156"}}
{"logTime": "0311/210657", "correlationVector":"AOmD1ByafjsuTpbl5jPBf/.68","action":"GetUpdates", "result":"DeleteReceived", "context":{"id":"1768eb1c-62b2-45ce-bd19-d59275066efd", "isDeleted:":"true", "version":"1678564421158"}}
{"logTime": "0311/210657", "correlationVector":"AOmD1ByafjsuTpbl5jPBf/.69","action":"GetUpdates", "result":"DeleteReceived", "context":{"id":"64aaef0c-edcc-478b-a37b-f4e827d076c4", "isDeleted:":"true", "version":"1678564421159"}}
{"logTime": "0311/210657", "correlationVector":"AOmD1ByafjsuTpbl5jPBf/.70","action":"GetUpdates", "result":"DeleteReceived", "context":{"id":"59703efd-0040-4078-aa64-be960421043d", "isDeleted:":"true", "version":"1678564421161"}}
{"logTime": "0311/210657", "correlationVector":"AOmD1ByafjsuTpbl5jPBf/.71","action":"GetUpdates", "result":"DeleteReceived", "context":{"id":"d6814e1d-2dca-46b0-8c61-0f7e8fb94488", "isDeleted:":"true", "version":"1678564515241"}}
{"logTime": "0311/210657", "correlationVector":"AOmD1ByafjsuTpbl5jPBf/.72","action":"GetUpdates", "result":"DeleteReceived", "context":{"id":"d70cffe1-9d62-4c2e-90af-0b7d1d42df8f", "isDeleted:":"true", "version":"1678564590790"}}
{"logTime": "0311/210657", "correlationVector":"AOmD1ByafjsuTpbl5jPBf/.73","action":"GetUpdates", "result":"DeleteReceived", "context":{"id":"fe12f092-16cf-4382-92d2-2431d5bebd0e", "isDeleted:":"true", "version":"1678565653025"}}
{"logTime": "0311/210657", "correlationVector":"AOmD1ByafjsuTpbl5jPBf/.74","action":"GetUpdates", "result":"DeleteReceived", "context":{"id":"8517f978-b0f0-46ce-bcb4-b61885e0a9dc", "isDeleted:":"true", "version":"1678565922458"}}
{"logTime": "0311/210657", "correlationVector":"AOmD1ByafjsuTpbl5jPBf/.75","action":"GetUpdates", "result":"DeleteReceived", "context":{"id":"5795ec4b-5a12-4a41-a7c3-0fcbc4a037f4", "isDeleted:":"true", "version":"1678566178150"}}
{"logTime": "0311/210657", "correlationVector":"AOmD1ByafjsuTpbl5jPBf/.76","action":"GetUpdates", "result":"DeleteReceived", "context":{"id":"37895745-76b6-4912-8e95-b88b946a8367", "isDeleted:":"true", "version":"1678566178155"}}
{"logTime": "0311/210657", "correlationVector":"AOmD1ByafjsuTpbl5jPBf/.77","action":"GetUpdates", "result":"DeleteReceived", "context":{"id":"285eba4f-29ce-4cbb-9913-7add82ea1bce", "isDeleted:":"true", "version":"1678566178156"}}
{"logTime": "0311/210657", "correlationVector":"AOmD1ByafjsuTpbl5jPBf/.78","action":"GetUpdates", "result":"DeleteReceived", "context":{"id":"b4563864-56bd-42e5-94bf-a54fa2c9f4bc", "isDeleted:":"true", "version":"1678566286848"}}
{"logTime": "0311/210657", "correlationVector":"AOmD1ByafjsuTpbl5jPBf/.79","action":"GetUpdates", "result":"DeleteReceived", "context":{"id":"c7134413-3c88-4e63-b3c3-3fe09630bb9c", "isDeleted:":"true", "version":"1678566286849"}}
{"logTime": "0311/210657", "correlationVector":"AOmD1ByafjsuTpbl5jPBf/.80","action":"GetUpdates", "result":"DeleteReceived", "context":{"id":"8e85efba-9ec3-466b-a5e6-181faf827f50", "isDeleted:":"true", "version":"1678566286850"}}
{"logTime": "0311/210657", "correlationVector":"AOmD1ByafjsuTpbl5jPBf/.81","action":"GetUpdates", "result":"DeleteReceived", "context":{"id":"3778af48-2826-47da-bf57-ec5583d631c5", "isDeleted:":"true", "version":"1678566286852"}}
{"logTime": "0311/210657", "correlationVector":"AOmD1ByafjsuTpbl5jPBf/.82","action":"GetUpdates", "result":"DeleteReceived", "context":{"id":"60301060-4bc3-439f-a7a8-53e1179b16ca", "isDeleted:":"true", "version":"1678566286853"}}
{"logTime": "0311/210657", "correlationVector":"AOmD1ByafjsuTpbl5jPBf/.83","action":"GetUpdates", "result":"DeleteReceived", "context":{"id":"3f534fef-0fa4-468a-9db8-f500c0d80ac0", "isDeleted:":"true", "version":"1678566286854"}}
{"logTime": "0311/210657", "correlationVector":"AOmD1ByafjsuTpbl5jPBf/.84","action":"GetUpdates", "result":"DeleteReceived", "context":{"id":"e35b0505-757e-4254-9e75-0a7b0fcd4d51", "isDeleted:":"true", "version":"1678566286855"}}
{"logTime": "0311/210657", "correlationVector":"AOmD1ByafjsuTpbl5jPBf/.85","action":"GetUpdates", "result":"DeleteReceived", "context":{"id":"94ee5da5-3837-4b21-a460-ed01dec388ef", "isDeleted:":"true", "version":"1678566286856"}}
{"logTime": "0311/210657", "correlationVector":"AOmD1ByafjsuTpbl5jPBf/.86","action":"GetUpdates", "result":"DeleteReceived", "context":{"id":"288a1d86-c7d6-4e08-bd3c-3e98cc61f77a", "isDeleted:":"true", "version":"1678566563230"}}
{"logTime": "0311/210657", "correlationVector":"AOmD1ByafjsuTpbl5jPBf/.87","action":"GetUpdates", "result":"DeleteReceived", "context":{"id":"36b71a1f-eff5-4544-a637-12ba8a371951", "isDeleted:":"true", "version":"1678567601697"}}
{"logTime": "0311/210657", "correlationVector":"AOmD1ByafjsuTpbl5jPBf/.88","action":"GetUpdates", "result":"DeleteReceived", "context":{"id":"a4f17bb7-cd6c-44cf-91b5-c1185743d54e", "isDeleted:":"true", "version":"1678568114233"}}
{"logTime": "0311/210657", "correlationVector":"AOmD1ByafjsuTpbl5jPBf/.89","action":"GetUpdates", "result":"DeleteReceived", "context":{"id":"1bd70606-2ffa-46ec-b0bb-724505093789", "isDeleted:":"true", "version":"1678568563589"}}
{"logTime": "0311/210657", "correlationVector":"AOmD1ByafjsuTpbl5jPBf/.90","action":"GetUpdates", "result":"DeleteReceived", "context":{"id":"c7fe9803-7667-4224-a2e7-0382469ffc68", "isDeleted:":"true", "version":"1678568603544"}}
{"logTime": "0311/210657", "correlationVector":"AOmD1ByafjsuTpbl5jPBf/.91","action":"GetUpdates", "result":"DeleteReceived", "context":{"id":"bfa1762a-d548-4cd6-84b1-2bf89523be47", "isDeleted:":"true", "version":"1678568603547"}}
{"logTime": "0311/210657", "correlationVector":"AOmD1ByafjsuTpbl5jPBf/.92","action":"GetUpdates Response", "result":"SYNCER_OK", "context":Received 227 update(s). cV=AOmD1ByafjsuTpbl5jPBf/.0;server=general0100000R;cloudType=Consumer;environment=Prod_SoutheastAsia_000j;migrationStage=NotStarted}
{"logTime": "0311/210657", "correlationVector":"xd/7JSvchkWRLdRtseV679","action":"Normal GetUpdate request", "result":"", "context":cV=xd/7JSvchkWRLdRtseV679
Nudged types: Bookmarks, Sessions, Device Info
Refresh requested types: Bookmarks, Preferences, Passwords, Autofill Profiles, Autofill, Autofill Custom Data, Typed URLs, Extensions, Sessions, Extension settings, History Delete Directives, Device Info, User Consents, Send Tab To Self, Web Apps, Collection, Edge E Drop, Encryption Keys}
{"logTime": "0311/210657", "correlationVector":"xd/7JSvchkWRLdRtseV679.1","action":"SyncServerConnectionManagerRequest", "result":"SYNC_SERVER_OK", "context":{"environment":"Prod_SoutheastAsia_000j", "server":"general01000006"}}
{"logTime": "0311/210657", "correlationVector":"xd/7JSvchkWRLdRtseV679.2","action":"GetUpdates Response", "result":"SYNCER_OK", "context":Received 0 update(s). cV=xd/7JSvchkWRLdRtseV679.0;server=general01000006;cloudType=Consumer;environment=Prod_SoutheastAsia_000j;migrationStage=NotStarted}
{"logTime": "0311/210657", "correlationVector":"V5Dv712UzDgnETHDFybYh2","action":"Commit Request", "result":"", "context":Item count: 1
Contributing types: Device Info}
{"logTime": "0311/210658", "correlationVector":"V5Dv712UzDgnETHDFybYh2.1","action":"SyncServerConnectionManagerRequest", "result":"SYNC_SERVER_OK", "context":{"environment":"Prod_SoutheastAsia_000j", "server":"general0100000S"}}
{"logTime": "0311/210658", "correlationVector":"V5Dv712UzDgnETHDFybYh2.2","action":"Commit Response", "result":"SYNCER_OK", "context":Result: SYNCER_OK. cV=V5Dv712UzDgnETHDFybYh2.0;server=general0100000S;cloudType=Consumer;environment=Prod_SoutheastAsia_000j;migrationStage=NotStarted}
{"logTime": "0311/210658", "correlationVector":"gcNnsmxScyMJZK2zWCNRlO","action":"Commit Request", "result":"", "context":Item count: 19
Contributing types: Bookmarks, Typed URLs, Sessions, Collection}
{"logTime": "0311/210659", "correlationVector":"gcNnsmxScyMJZK2zWCNRlO.1","action":"SyncServerConnectionManagerRequest", "result":"SYNC_SERVER_OK", "context":{"environment":"Prod_SoutheastAsia_000j", "server":"general0100000N"}}
{"logTime": "0311/210700", "correlationVector":"gcNnsmxScyMJZK2zWCNRlO.2","action":"Commit Response", "result":"SYNCER_OK", "context":Result: SYNCER_OK. cV=gcNnsmxScyMJZK2zWCNRlO.0;server=general0100000N;cloudType=Consumer;environment=Prod_SoutheastAsia_000j;migrationStage=NotStarted}
{"logTime": "0311/210704", "correlationVector":"vfigUXVd8m7iamUYmJ/bUV","action":"Normal GetUpdate request", "result":"", "context":cV=vfigUXVd8m7iamUYmJ/bUV
Notified types: Typed URLs}
{"logTime": "0311/210709", "correlationVector":"vfigUXVd8m7iamUYmJ/bUV.1","action":"SyncServerConnectionManagerRequest", "result":"SYNC_SERVER_OK", "context":{"environment":"Prod_SoutheastAsia_000j", "server":"general0100000B"}}
{"logTime": "0311/210709", "correlationVector":"vfigUXVd8m7iamUYmJ/bUV.2","action":"GetUpdates", "result":"DeleteReceived", "context":{"id":"5202e8f5-605b-4484-8251-e63fe2ffd9af", "isDeleted:":"true", "version":"1678555079869"}}
{"logTime": "0311/210709", "correlationVector":"vfigUXVd8m7iamUYmJ/bUV.3","action":"GetUpdates", "result":"DeleteReceived", "context":{"id":"fdc81ae3-eb2a-4d56-a244-7817b0e31580", "isDeleted:":"true", "version":"1678555079870"}}
{"logTime": "0311/210709", "correlationVector":"vfigUXVd8m7iamUYmJ/bUV.4","action":"GetUpdates", "result":"DeleteReceived", "context":{"id":"3cadc394-d4f8-4037-aa55-5baadd2cbbea", "isDeleted:":"true", "version":"1678555079872"}}
{"logTime": "0311/210709", "correlationVector":"vfigUXVd8m7iamUYmJ/bUV.5","action":"GetUpdates", "result":"DeleteReceived", "context":{"id":"8a07620d-08a1-4a28-a04c-2f06c527e565", "isDeleted:":"true", "version":"1678555727879"}}
{"logTime": "0311/210709", "correlationVector":"vfigUXVd8m7iamUYmJ/bUV.6","action":"GetUpdates", "result":"DeleteReceived", "context":{"id":"c012eeff-7943-4417-af37-cde1d595e41d", "isDeleted:":"true", "version":"1678555774664"}}
{"logTime": "0311/210709", "correlationVector":"vfigUXVd8m7iamUYmJ/bUV.7","action":"GetUpdates", "result":"DeleteReceived", "context":{"id":"69db9cb7-de1e-4745-8621-13407e2dc736", "isDeleted:":"true", "version":"1678557605926"}}
{"logTime": "0311/210709", "correlationVector":"vfigUXVd8m7iamUYmJ/bUV.8","action":"GetUpdates", "result":"DeleteReceived", "context":{"id":"78d867c8-fd8e-43b3-ac4b-a0e7d0695136", "isDeleted:":"true", "version":"1678557619617"}}
{"logTime": "0311/210709", "correlationVector":"vfigUXVd8m7iamUYmJ/bUV.9","action":"GetUpdates", "result":"DeleteReceived", "context":{"id":"6e283c48-fa9e-4d0a-aa94-0411be6b90df", "isDeleted:":"true", "version":"1678557652687"}}
{"logTime": "0311/210709", "correlationVector":"vfigUXVd8m7iamUYmJ/bUV.10","action":"GetUpdates", "result":"DeleteReceived", "context":{"id":"27258977-7a1a-4498-a3ca-d9f7716dd9ef", "isDeleted:":"true", "version":"1678557798087"}}
{"logTime": "0311/210709", "correlationVector":"vfigUXVd8m7iamUYmJ/bUV.11","action":"GetUpdates", "result":"DeleteReceived", "context":{"id":"1868556f-addf-4fea-aea0-4ee8fe752b7e", "isDeleted:":"true", "version":"1678558231877"}}
{"logTime": "0311/210709", "correlationVector":"vfigUXVd8m7iamUYmJ/bUV.12","action":"GetUpdates", "result":"DeleteReceived", "context":{"id":"2b3daa68-126e-4d75-9bea-45acf73b1825", "isDeleted:":"true", "version":"1678558262930"}}
{"logTime": "0311/210709", "correlationVector":"vfigUXVd8m7iamUYmJ/bUV.13","action":"GetUpdates", "result":"DeleteReceived", "context":{"id":"9c2df3a6-76e8-4d36-852b-f3e9e64c8811", "isDeleted:":"true", "version":"1678558522006"}}
{"logTime": "0311/210709", "correlationVector":"vfigUXVd8m7iamUYmJ/bUV.14","action":"GetUpdates", "result":"DeleteReceived", "context":{"id":"95348795-e4b5-4fbc-83ad-8fa550fef2ab", "isDeleted:":"true", "version":"1678558556285"}}
{"logTime": "0311/210709", "correlationVector":"vfigUXVd8m7iamUYmJ/bUV.15","action":"GetUpdates", "result":"DeleteReceived", "context":{"id":"198b197b-53de-4a77-8942-4daf718895fa", "isDeleted:":"true", "version":"1678558556287"}}
{"logTime": "0311/210709", "correlationVector":"vfigUXVd8m7iamUYmJ/bUV.16","action":"GetUpdates", "result":"DeleteReceived", "context":{"id":"d4f349d1-d4db-40b4-9fe2-71e455140158", "isDeleted:":"true", "version":"1678558599741"}}
{"logTime": "0311/210709", "correlationVector":"vfigUXVd8m7iamUYmJ/bUV.17","action":"GetUpdates", "result":"DeleteReceived", "context":{"id":"952e2942-f9d2-4952-9a70-20fee1fa43c9", "isDeleted:":"true", "version":"1678558599742"}}
{"logTime": "0311/210709", "correlationVector":"vfigUXVd8m7iamUYmJ/bUV.18","action":"GetUpdates", "result":"DeleteReceived", "context":{"id":"59b0f231-f9f9-49bf-be1f-f3e5cfe2f623", "isDeleted:":"true", "version":"1678558599743"}}
{"logTime": "0311/210709", "correlationVector":"vfigUXVd8m7iamUYmJ/bUV.19","action":"GetUpdates", "result":"DeleteReceived", "context":{"id":"c70eff18-fcda-4930-931c-60198c261ffb", "isDeleted:":"true", "version":"1678558599744"}}
{"logTime": "0311/210709", "correlationVector":"vfigUXVd8m7iamUYmJ/bUV.20","action":"GetUpdates", "result":"DeleteReceived", "context":{"id":"8c2039eb-e504-45d5-9cea-4de43370a37d", "isDeleted:":"true", "version":"1678558986285"}}
{"logTime": "0311/210709", "correlationVector":"vfigUXVd8m7iamUYmJ/bUV.21","action":"GetUpdates", "result":"DeleteReceived", "context":{"id":"8b2f1ef6-c482-4e76-9012-1ac9fc18377e", "isDeleted:":"true", "version":"1678559047307"}}
{"logTime": "0311/210709", "correlationVector":"vfigUXVd8m7iamUYmJ/bUV.22","action":"GetUpdates", "result":"DeleteReceived", "context":{"id":"f6e02dfe-8d29-4b0b-be97-24c51125d510", "isDeleted:":"true", "version":"1678559300096"}}
{"logTime": "0311/210709", "correlationVector":"vfigUXVd8m7iamUYmJ/bUV.23","action":"GetUpdates", "result":"DeleteReceived", "context":{"id":"cef02605-44ca-4920-97dc-119cff645dd0", "isDeleted:":"true", "version":"1678560447843"}}
{"logTime": "0311/210709", "correlationVector":"vfigUXVd8m7iamUYmJ/bUV.24","action":"GetUpdates", "result":"DeleteReceived", "context":{"id":"e31d5a17-0d55-46bb-ab8a-347b6effb53a", "isDeleted:":"true", "version":"1678560447844"}}
{"logTime": "0311/210709", "correlationVector":"vfigUXVd8m7iamUYmJ/bUV.25","action":"GetUpdates", "result":"DeleteReceived", "context":{"id":"ce6b98fc-dc29-4a3f-a651-291c1df39b95", "isDeleted:":"true", "version":"1678560521313"}}
{"logTime": "0311/210709", "correlationVector":"vfigUXVd8m7iamUYmJ/bUV.26","action":"GetUpdates", "result":"DeleteReceived", "context":{"id":"dff5852e-2fff-43dc-bfaf-2a5a0af222e9", "isDeleted:":"true", "version":"1678560521314"}}
{"logTime": "0311/210709", "correlationVector":"vfigUXVd8m7iamUYmJ/bUV.27","action":"GetUpdates", "result":"DeleteReceived", "context":{"id":"e8c4fabe-d898-4404-bc11-a9cd017b8154", "isDeleted:":"true", "version":"1678561218902"}}
{"logTime": "0311/210709", "correlationVector":"vfigUXVd8m7iamUYmJ/bUV.28","action":"GetUpdates", "result":"DeleteReceived", "context":{"id":"a44ef96c-e9c0-4c5e-9e49-aa2aa37c8e97", "isDeleted:":"true", "version":"1678561306549"}}
{"logTime": "0311/210709", "correlationVector":"vfigUXVd8m7iamUYmJ/bUV.29","action":"GetUpdates", "result":"DeleteReceived", "context":{"id":"09db8fb4-8ae2-42c0-8669-42869dc3d1ba", "isDeleted:":"true", "version":"1678561401648"}}
{"logTime": "0311/210709", "correlationVector":"vfigUXVd8m7iamUYmJ/bUV.30","action":"GetUpdates", "result":"DeleteReceived", "context":{"id":"11ea3206-444f-4d5b-9416-30a4963c8ef1", "isDeleted:":"true", "version":"1678561401650"}}
{"logTime": "0311/210709", "correlationVector":"vfigUXVd8m7iamUYmJ/bUV.31","action":"GetUpdates", "result":"DeleteReceived", "context":{"id":"3b710c9b-c2b5-4589-84ea-c08d3b9a50e1", "isDeleted:":"true", "version":"1678561547271"}}
{"logTime": "0311/210709", "correlationVector":"vfigUXVd8m7iamUYmJ/bUV.32","action":"GetUpdates", "result":"DeleteReceived", "context":{"id":"f7c842dd-fe33-4935-9f0e-96545d9b5498", "isDeleted:":"true", "version":"1678561592599"}}
{"logTime": "0311/210709", "correlationVector":"vfigUXVd8m7iamUYmJ/bUV.33","action":"GetUpdates", "result":"DeleteReceived", "context":{"id":"e07f15e3-f00b-4c1d-99b8-f6c1f216db37", "isDeleted:":"true", "version":"1678561592601"}}
{"logTime": "0311/210709", "correlationVector":"vfigUXVd8m7iamUYmJ/bUV.34","action":"GetUpdates", "result":"DeleteReceived", "context":{"id":"d0eb341c-5926-44d2-9879-90bf08d6cfd1", "isDeleted:":"true", "version":"1678564218590"}}
{"logTime": "0311/210709", "correlationVector":"vfigUXVd8m7iamUYmJ/bUV.35","action":"GetUpdates", "result":"DeleteReceived", "context":{"id":"fb5e1fcc-a7a8-4bd9-a71e-6d005aad1c1b", "isDeleted:":"true", "version":"1678564292207"}}
{"logTime": "0311/210709", "correlationVector":"vfigUXVd8m7iamUYmJ/bUV.36","action":"GetUpdates", "result":"DeleteReceived", "context":{"id":"c97efa17-7adf-4f56-8ab9-c2b34a82e520", "isDeleted:":"true", "version":"1678564421156"}}
{"logTime": "0311/210709", "correlationVector":"vfigUXVd8m7iamUYmJ/bUV.37","action":"GetUpdates", "result":"DeleteReceived", "context":{"id":"1768eb1c-62b2-45ce-bd19-d59275066efd", "isDeleted:":"true", "version":"1678564421158"}}
{"logTime": "0311/210709", "correlationVector":"vfigUXVd8m7iamUYmJ/bUV.38","action":"GetUpdates", "result":"DeleteReceived", "context":{"id":"64aaef0c-edcc-478b-a37b-f4e827d076c4", "isDeleted:":"true", "version":"1678564421159"}}
{"logTime": "0311/210709", "correlationVector":"vfigUXVd8m7iamUYmJ/bUV.39","action":"GetUpdates", "result":"DeleteReceived", "context":{"id":"59703efd-0040-4078-aa64-be960421043d", "isDeleted:":"true", "version":"1678564421161"}}
{"logTime": "0311/210709", "correlationVector":"vfigUXVd8m7iamUYmJ/bUV.40","action":"GetUpdates", "result":"DeleteReceived", "context":{"id":"d6814e1d-2dca-46b0-8c61-0f7e8fb94488", "isDeleted:":"true", "version":"1678564515241"}}
{"logTime": "0311/210709", "correlationVector":"vfigUXVd8m7iamUYmJ/bUV.41","action":"GetUpdates", "result":"DeleteReceived", "context":{"id":"d70cffe1-9d62-4c2e-90af-0b7d1d42df8f", "isDeleted:":"true", "version":"1678564590790"}}
{"logTime": "0311/210709", "correlationVector":"vfigUXVd8m7iamUYmJ/bUV.42","action":"GetUpdates", "result":"DeleteReceived", "context":{"id":"fe12f092-16cf-4382-92d2-2431d5bebd0e", "isDeleted:":"true", "version":"1678565653025"}}
{"logTime": "0311/210709", "correlationVector":"vfigUXVd8m7iamUYmJ/bUV.43","action":"GetUpdates", "result":"DeleteReceived", "context":{"id":"8517f978-b0f0-46ce-bcb4-b61885e0a9dc", "isDeleted:":"true", "version":"1678565922458"}}
{"logTime": "0311/210709", "correlationVector":"vfigUXVd8m7iamUYmJ/bUV.44","action":"GetUpdates", "result":"DeleteReceived", "context":{"id":"5795ec4b-5a12-4a41-a7c3-0fcbc4a037f4", "isDeleted:":"true", "version":"1678566178150"}}
{"logTime": "0311/210709", "correlationVector":"vfigUXVd8m7iamUYmJ/bUV.45","action":"GetUpdates", "result":"DeleteReceived", "context":{"id":"37895745-76b6-4912-8e95-b88b946a8367", "isDeleted:":"true", "version":"1678566178155"}}
{"logTime": "0311/210709", "correlationVector":"vfigUXVd8m7iamUYmJ/bUV.46","action":"GetUpdates", "result":"DeleteReceived", "context":{"id":"285eba4f-29ce-4cbb-9913-7add82ea1bce", "isDeleted:":"true", "version":"1678566178156"}}
{"logTime": "0311/210709", "correlationVector":"vfigUXVd8m7iamUYmJ/bUV.47","action":"GetUpdates", "result":"DeleteReceived", "context":{"id":"b4563864-56bd-42e5-94bf-a54fa2c9f4bc", "isDeleted:":"true", "version":"1678566286848"}}
{"logTime": "0311/210709", "correlationVector":"vfigUXVd8m7iamUYmJ/bUV.48","action":"GetUpdates", "result":"DeleteReceived", "context":{"id":"c7134413-3c88-4e63-b3c3-3fe09630bb9c", "isDeleted:":"true", "version":"1678566286849"}}
{"logTime": "0311/210709", "correlationVector":"vfigUXVd8m7iamUYmJ/bUV.49","action":"GetUpdates", "result":"DeleteReceived", "context":{"id":"8e85efba-9ec3-466b-a5e6-181faf827f50", "isDeleted:":"true", "version":"1678566286850"}}
{"logTime": "0311/210709", "correlationVector":"vfigUXVd8m7iamUYmJ/bUV.50","action":"GetUpdates", "result":"DeleteReceived", "context":{"id":"3778af48-2826-47da-bf57-ec5583d631c5", "isDeleted:":"true", "version":"1678566286852"}}
{"logTime": "0311/210709", "correlationVector":"vfigUXVd8m7iamUYmJ/bUV.51","action":"GetUpdates", "result":"DeleteReceived", "context":{"id":"60301060-4bc3-439f-a7a8-53e1179b16ca", "isDeleted:":"true", "version":"1678566286853"}}
{"logTime": "0311/210709", "correlationVector":"vfigUXVd8m7iamUYmJ/bUV.52","action":"GetUpdates", "result":"DeleteReceived", "context":{"id":"3f534fef-0fa4-468a-9db8-f500c0d80ac0", "isDeleted:":"true", "version":"1678566286854"}}
{"logTime": "0311/210709", "correlationVector":"vfigUXVd8m7iamUYmJ/bUV.53","action":"GetUpdates", "result":"DeleteReceived", "context":{"id":"e35b0505-757e-4254-9e75-0a7b0fcd4d51", "isDeleted:":"true", "version":"1678566286855"}}
{"logTime": "0311/210709", "correlationVector":"vfigUXVd8m7iamUYmJ/bUV.54","action":"GetUpdates", "result":"DeleteReceived", "context":{"id":"94ee5da5-3837-4b21-a460-ed01dec388ef", "isDeleted:":"true", "version":"1678566286856"}}
{"logTime": "0311/210709", "correlationVector":"vfigUXVd8m7iamUYmJ/bUV.55","action":"GetUpdates", "result":"DeleteReceived", "context":{"id":"288a1d86-c7d6-4e08-bd3c-3e98cc61f77a", "isDeleted:":"true", "version":"1678566563230"}}
{"logTime": "0311/210709", "correlationVector":"vfigUXVd8m7iamUYmJ/bUV.56","action":"GetUpdates", "result":"DeleteReceived", "context":{"id":"36b71a1f-eff5-4544-a637-12ba8a371951", "isDeleted:":"true", "version":"1678567601697"}}
{"logTime": "0311/210709", "correlationVector":"vfigUXVd8m7iamUYmJ/bUV.57","action":"GetUpdates", "result":"DeleteReceived", "context":{"id":"a4f17bb7-cd6c-44cf-91b5-c1185743d54e", "isDeleted:":"true", "version":"1678568114233"}}
{"logTime": "0311/210709", "correlationVector":"vfigUXVd8m7iamUYmJ/bUV.58","action":"GetUpdates", "result":"DeleteReceived", "context":{"id":"1bd70606-2ffa-46ec-b0bb-724505093789", "isDeleted:":"true", "version":"1678568563589"}}
{"logTime": "0311/210709", "correlationVector":"vfigUXVd8m7iamUYmJ/bUV.59","action":"GetUpdates", "result":"DeleteReceived", "context":{"id":"c7fe9803-7667-4224-a2e7-0382469ffc68", "isDeleted:":"true", "version":"1678568603544"}}
{"logTime": "0311/210709", "correlationVector":"vfigUXVd8m7iamUYmJ/bUV.60","action":"GetUpdates", "result":"DeleteReceived", "context":{"id":"bfa1762a-d548-4cd6-84b1-2bf89523be47", "isDeleted:":"true", "version":"1678568603547"}}
{"logTime": "0311/210709", "correlationVector":"vfigUXVd8m7iamUYmJ/bUV.61","action":"GetUpdates Response", "result":"SYNCER_OK", "context":Received 189 update(s). cV=vfigUXVd8m7iamUYmJ/bUV.0;server=general0100000B;cloudType=Consumer;environment=Prod_SoutheastAsia_000j;migrationStage=NotStarted}
{"logTime": "0311/210935", "correlationVector":"Xen8or9VLPtoHKZXzSQt2/","action":"Commit Request", "result":"", "context":Item count: 1
Contributing types: Sessions}
{"logTime": "0311/210936", "correlationVector":"Xen8or9VLPtoHKZXzSQt2/.1","action":"SyncServerConnectionManagerRequest", "result":"SYNC_SERVER_OK", "context":{"environment":"Prod_SoutheastAsia_000j", "server":"general01000013"}}
{"logTime": "0311/210936", "correlationVector":"Xen8or9VLPtoHKZXzSQt2/.2","action":"Commit Response", "result":"SYNCER_OK", "context":Result: SYNCER_OK. cV=Xen8or9VLPtoHKZXzSQt2/.0;server=general01000013;cloudType=Consumer;environment=Prod_SoutheastAsia_000j;migrationStage=NotStarted}
{"logTime": "0311/211159", "correlationVector":"OPjUkBTAp+xFZPbmI833O3","action":"Commit Request", "result":"", "context":Item count: 1
Contributing types: Sessions}
{"logTime": "0311/211200", "correlationVector":"OPjUkBTAp+xFZPbmI833O3.1","action":"SyncServerConnectionManagerRequest", "result":"SYNC_SERVER_OK", "context":{"environment":"Prod_SoutheastAsia_000j", "server":"general01000006"}}
{"logTime": "0311/211200", "correlationVector":"OPjUkBTAp+xFZPbmI833O3.2","action":"Commit Response", "result":"SYNCER_OK", "context":Result: SYNCER_OK. cV=OPjUkBTAp+xFZPbmI833O3.0;server=general01000006;cloudType=Consumer;environment=Prod_SoutheastAsia_000j;migrationStage=NotStarted}
{"logTime": "0311/211435", "correlationVector":"904Wpty6k7134GwIURyqtQ","action":"Commit Request", "result":"", "context":Item count: 1
Contributing types: Sessions}
{"logTime": "0311/211435", "correlationVector":"904Wpty6k7134GwIURyqtQ.1","action":"SyncServerConnectionManagerRequest", "result":"SYNC_SERVER_OK", "context":{"environment":"Prod_SoutheastAsia_000j", "server":"general0100000Q"}}
{"logTime": "0311/211435", "correlationVector":"904Wpty6k7134GwIURyqtQ.2","action":"Commit Response", "result":"SYNCER_OK", "context":Result: SYNCER_OK. cV=904Wpty6k7134GwIURyqtQ.0;server=general0100000Q;cloudType=Consumer;environment=Prod_SoutheastAsia_000j;migrationStage=NotStarted}
{"logTime": "0311/211512", "correlationVector":"wFJyqTb+kYJWpZ6TdrMfjt","action":"Commit Request", "result":"", "context":Item count: 1
Contributing types: Sessions}
{"logTime": "0311/211513", "correlationVector":"wFJyqTb+kYJWpZ6TdrMfjt.1","action":"SyncServerConnectionManagerRequest", "result":"SYNC_SERVER_OK", "context":{"environment":"Prod_SoutheastAsia_000j", "server":"general01000015"}}
{"logTime": "0311/211513", "correlationVector":"wFJyqTb+kYJWpZ6TdrMfjt.2","action":"Commit Response", "result":"SYNCER_OK", "context":Result: SYNCER_OK. cV=wFJyqTb+kYJWpZ6TdrMfjt.0;server=general01000015;cloudType=Consumer;environment=Prod_SoutheastAsia_000j;migrationStage=NotStarted}
{"logTime": "0311/211618", "correlationVector":"CRx/4yL04bC9CYYHf8RON6","action":"Normal GetUpdate request", "result":"", "context":cV=CRx/4yL04bC9CYYHf8RON6
Notified types: Typed URLs}
{"logTime": "0311/211619", "correlationVector":"CRx/4yL04bC9CYYHf8RON6.1","action":"SyncServerConnectionManagerRequest", "result":"SYNC_SERVER_OK", "context":{"environment":"Prod_SoutheastAsia_000j", "server":"general0100000J"}}
{"logTime": "0311/211619", "correlationVector":"CRx/4yL04bC9CYYHf8RON6.2","action":"GetUpdates Response", "result":"SYNCER_OK", "context":Received 5 update(s). cV=CRx/4yL04bC9CYYHf8RON6.0;server=general0100000J;cloudType=Consumer;environment=Prod_SoutheastAsia_000j;migrationStage=NotStarted}
